Y
@.........O..O......O..O.........O..O..O......O..........O....O.......O................OO....O.O.O...O.......O..O..O....OO...........................O...........O........O....................OO...........O...O....O..O..O........O...........OO.....O.
+..........O.....O...O.....O......O..................O......OO.......O.....O.....O.........O...................O.O...........O.....O......O...O.....O+++++++++...O.O.O..O...................O...O.......O..O..O...OO...............O...O.O.O.OO.O.....O..
++........O............O..................................O...O...........O..O....O.......O.........O.....O............O..O...O...O...O......O++++++++.O....O+O..O.OO.....O....................O.........OO.....O......O........O...OO...O..........O....
O+++++++++.........O++++...........O............................OO.................O........O..........O..O..............O...O.....O+++++++++++......O.....O.+++++.........O..........................O.............O.........................O.....O....
O..O...OO++++++++++++.O++++++++.............O.........O.....O..O......O.....O.....O....O..O...O.......O.O.....O.OOO.....OO.O..O++++++...O.........O...O...O..O..O+++...........O......O.O.....O...O..O...O.OO........O.OOO....O.........O...O.OO.........
.O....O.........O....O.....OOO+++++++++O...................O.OOO.O...........O..O......O....O..OO++++++++++++...............OO++.......O.....OO..O....O.......O...O+.......O.............O.O...O....O.O...............O.........O..OO....................
.OO...............O.O.......OOO...O..O++++++++++++.........O....O......O.............O++++++++++++...O..O..O+++++++++++++++++++O..O...O..O........O.......O......O.+......O.O......O..........O..........O.OO..O..O++++++++++++++++++.O..................
..............O............O....................O+++++++++++++...........O+++++++++++++.................O.....O...............O........O...........O.O....O......OO+++++++++++++++++++++++++++++++++++++++++++++++++...............O+++++++++++++.O......
.......................O.O....O................O.OO........OO++++++++++++++....OO.......OO...OOO.....O............O............O.............O.O.O...O...O..............O..................O.....O...O......O...................O.....OO.......O+........
OOOOOOOOOOOOOOOOOOOOOOOOOOOOOOOOOOOOOOOOOOOOOOOOOOOOOOOOOOOOOOOOOOOOOOOOOOOOOOOOOOOOOOOOOOOOOOOOOOOOOOOOOOOOOOOOOOOOOOOOOOOOOOOOOOOOOOOOOOOOOOOOOOOOOOOOOOOOOOOOOOOOOOOOOOOOOOOOOOOOOOOOOOOOOOOOOOOOOOOOOOOOOOOOOOOOOOOOOOOOOOOOOOOOOOOOOOOOOOO.+....O.O.
...O..................O...O....OO.........O....O......O.O.O.OO.....O.O....OO..O.........O......O................O.......O.......O.......O....OO................O.......O..O.O...................O...O.......O...........O.....O........O........+......O.
OO.O.........O............O..O.........O......O.O.........+++++++++++++++++++O.................O...............O...O..........O...O....O....O.............O.O......O..O..O....O........O........O.............O..O.O...O...O...........O......O.+O.....O.
O.................O....O.O......O....O...++++++++++++++++++O.......O.O......+++++++++O.........O..................O..........O...O............O...O.......O..................O...O...............O.O.++++++++++++++++++++++++++++++++++++++++++++......O.
..O................+++++++++++++++++++++++O.............O.........O.O.OO...O........+++++++++++OO..++++++++++++++++++O.............O.......O..+++++++++++.O.O................O.O....O..O.....+++++++++O............O....O..............OOO....OO..O.....O
...O.............O.+O..O.....O.....O..O.O......O......O......O.....O..O.............O...O....O++++++O.O.O...........+++++++++++++++++++++++++++OO...O...+O..++++++++++OO.................+++++O......O................O.....O.O..O..........O..O....O....
..OO.O.....O..++++++.O........O....O...OO.......O..O......O........O..O..O..............O....OO..O.................O..........O..O..O.O.........O...OO..+++++OO......+++++++++++++++++++++O.....O.......O.O.............O...O..O.....O..O.......O........
..........O..++O.......O..O.O.................O.O.......OO....OOO..........O.............O..........O......O.O......O............O.......OO.........O..O...O.O......OOO..........OO....O.............O......OO.....O..........OO......O.....O...........O
.............+O.O................OO.O............OO.O.OOO....O..O.................O............................................O....O.O...O......O.O.O........O........O....O......O..O.......O.O...........O...O...O..O...O....O........OO..O....O....O.
........O+++++.O..O...OO..O....O...................OO.O........O.........OO..........O..........OO...........O................O.....O.....O.....................O......O.....O.....O................OO.........OO..O.OO.O......O..........O........O..O..
..O..O...+OOOOOOOOOOOOOOOOOOOOOOOOOOOOOOOOOOOOOOOOOOOOOOOOOOOOOOOOOOOOOOOOOOOOOOOOOOOOOOOOOOOOOOOOOOOOOOOOOOOOOOOOOOOOOOOOOOOOOOOOOOOOOOOOOOOOOOOOOOOOOOOOOOOOOOOOOOOOOOOOOOOOOOOOOOOOOOOOOOOOOOOOOOOOOOOOOOOOOOOOOOOOOOOOOOOOOOOOOOOOOOOOOOOOOOOOOOOOOOO
.........+++++..............O............O...O.....O....O.O.O....................O...O.O..O..O......O.O......................O......O.....O........O..O.......O.O.......O.............O..O.O...O.O.OO..O.O.......................O....O..O...............
............O+........................O........O..................O..O........O..............O...OO................O...............OOO.O...O....O................O......O...O..O.......OO...................O...........O....OOO....O.........O..........
............O++++++++++++........OOO.....O.O...........OO............O.....O..O....O...O....O...O..........O....O........O.....O...O...O...O..O....OO..........O...O...OO........O..................O........O....O...O......O......O...O..O..O..........
.......................O+O.....OO....O...................O.O....O...O...............OO.O................O.........OOO.....O..................O..........O...........O..........O..O....OO........O...O....O....O........O..O.....................O....O..
.......................O+++++++++++++++++++...O..........O+++++....O......................O....O............O.............O.....O..........O................O....OO........O......................O.O...O.OO...O..............OO..O.OO...............O..O
.O.....O............O.O.........O.......OO+++++++++++++++++..O+............................O........OO............O..O.O.........OO......................O........O.O..OO.........O.....O.O.....O..............O..............O...O.........O............
.............O..O.................O.O....O.........O.........O+++++++++++++++++++++++........O++++++++++++++++++++++++++.....O++++++++++++++++++++++++......O.....OO.O.O.................O.....OO++++++++++++++++++++++++++++++++++++++++++++++++O.......
OO..............O....OO..........O.......OO..................OO.O................O.O+++++++++++......OO...............O++++++++.O......OO.......OOO.O+++++++++++++....O+++++++++++++++++++++++++++.....O.O........................O.O..........O+.....OOO
...O....O...........................O.O.......O.O...O...............O.O...............O.......O...O....O................O.....O.........OO..................O...O+++++++........O.O..O.............O....O.....O.O....O............O.O..........O+........
OOOOOOOOOOOOOOOOOOOOOOOOOOOOOOOOOOOOOOOOOOOOOOOOOOOOOOOOOOOOOOOOOOOOOOOOOOOOOOOOOOOOOOOOOOOOOOOOOOOOOOOOOOOOOOOOOOOOOOOOOOOOOOOOOOOOOOOOOOOOOOOOOOOOOOOOOOOOOOOOOOOOOOOOOOOOOOOOOOOOOOOOOOOOOOOOOOOOOOOOOOOOOOOOOOOOOOOOOOOOOOOOOOOOOOOOOOOOOOO.+........
................O...O....OO............O..O...O..O...O..............O..............O........O.......O......O.O..........O.............OO....O..................O...O..................O...............O........O............OO............O.....+........
.O.....O.......O........O..............O.............O...........O......O..O...........O..........OO................................O..O........O.....................O......O..O.....................OO....O.......O..O...O.......O............+........
O.OO........O.....................O..O........O..O........O.................O.O.O......O.O.........O...O................O............O..OO.O........OO.O...O..O................O........O........OO.......................OO.O..........O..OO..O+OO......
....O......O.OO........O...................O............O..O...............O..O...O...O.OO.....O.......O..........O...O.....O.............O....O.......O........O.................O.........O..OO...OO.O.......O.....O......O.................O.+..O..O..
......O........O.O.......O......OOO.+++++++++++++++O....O.OO.....++++++++++O...OO..OO.....O........O.....O.........O.....O....O.....O......O..O.................O...O...............O.O..........O...O...O.........O.....O........+++++++++++++++....OO..
...................O..+++++++++++++++O..........O.++++++++++++++++OO.O....++++++++O........O..O.........O..O..........................O..............O.O........O.........O..........O..O...................+++++++++++++++++++++++O..O...O.O.O....O.....
..O......O+++++++++++++O..........O.O.............O.............O......OO........++++++O.O.........O.....O.............O.......O.....................O...O....O..O..O...O......O.......O....O...+++++++++++++OOO...O.O..................O................
........+++O.O..........................O..O.........................O...........O....+++O.O.......+++++++++++++++++++O.........O..........+++++++++++++++++O.O...+++++++++++++++++++O.++++++++++O.....O........OO....O....................O.............
...O..+++OOO.....OOO................O..O............O.O.O......O..O.....O.O........O....++++++++++++O................+++++++++++++++++++++++O..............++++++++O....O.....O.....++++O..O....O..O.......O...O......OO............O............O.......
O....++OO.OOOOOOOOOOOOOOOOOOOOOOOOOOOOOOOOOOOOOOOOOOOOOOOOOOOOOOOOOOOOOOOOOOOOOOOOOOOOOOOOOOOOOOOOOOOOOOOOOOOOOOOOOOOOOOOOOOOOOOOOOOOOOOOOOOOOOOOOOOOOOOOOOOOOOOOOOOOOOOOOOOOOOOOOOOOOOOOOOOOOOOOOOOOOOOOOOOOOOOOOOOOOOOOOOOOOOOOOOOOOOOOOOOOOOOOOOOOOOOO
.O...+O.....O.O......................................O..O..............O.......O......O....O..O................O...O.....O..........O..O.....O.....O...O.....O................O..O.........................O...............................OO....O.......
..O..+....O.O.........O......O..O...O..O..O....O.O..O...O..O.........OO..O.O...............O.O....O.O.......................O......O..O.......O.O..........O.O........O...O.........O..........O............OO..OOO..O...................O...............
.....++++.........O..........O..O....O......O...............O...............O...O........O...OOO.O..OO.......OOO...O...........O............O......................O........O.O.O.......O.....O..O.O.O.O.....O..O.....O.....O.....O........O.............
.......O++++++++++++++++++++++++++++++......O..............O.....O........O..................O......O.........O...O.O++++++++++++++..........O...O...O......O............O.O...O........OO.......O...................O......O...............O............
...O...O...........................OO+++++..O...O........O....O..O..........OO..O.......O....O...O............OO.O.+++...........O+..O...............O..........O....O.........O.O.....O.....O.O..O................O.O....O..............OO..O.......O...
.O...O...O.O..O..O......................O+.O+++++O.......O...........O.O.O.........O.....O...................O+++.O+...........OO.+.....O..........O.......O............O...O.............O....OO...O.....O.OO......O...O....O++++++++.......OO....O..O..
.....O....OO.......O.......OO...........O++++..O++O.......O.........O........O.O++++++++++...O.....O......O++++O++++O........OO...++...O...O......O...................O...........OO..O..O...O.....O...OOO......O.....O++++++++.....O+++++...............
..................O..O......O..O.......O.....OO.O+......O..O+++++++++++++++++++++.O.O...O+++++++++++++++++++...O...........O..O...O+++++++++++++++++++++++++++++.......O......O..OO.OO...O....OO+++++++++++++++O++++++++.........O......O+...............
.............O.O.O...O...............O.O..O.....O++++++++++++O....O................O.O...OO.......O...........O......O.........OO....O.........O...O........O.O++++++++++++++++++++++++++++++++++O..O........O+++..O........O.....O...OO.+++++++..O...OO.
OOOOOOOOOOOOOOOOOOOOOOOOOOOOOOOOOOOOOOOOOOOOOOOOOOOOOOOOOOOOOOOOOOOOOOOOOOOOOOOOOOOOOOOOOOOOOOOOOOOOOOOOOOOOOOOOOOOOOOOOOOOOOOOOOOOOOOOOOOOOOOOOOOOOOOOOOOOOOOOOOOOOOOOOOOOOOOOOOOOOOOOOOOOOOOOOOOOOOOOOOOOOOOOOOOOOOOOOOOOOOOOOOOOOOOOOOOOOOOO+.OO..O...
O......O.O...O.....O.O................O.........O........O.................O..........................O...O.....O....O...O.........O................OO...O......O........++++O....OO...+++++++++++++++++++OO........++++++OO.....OO.......++++++......O.O
..O...OO............O.............O...O.....................O.O..O++++++++++++++++++++++++++++O.....O..O..OOO....+++++++++++++++++O......O..O.OO...O..O.O.......++++++++++OO++++++++++++OO.....O.........++++++++++++O...+++O..O....+++++++O...O..O.....O
.............................O.....O......OO......................+O.......OOO..O.O.O........++++++++O..O........+O...........O..++++++++++++++++++O.++++++++++++OO...O....OO.........O.........O.................O.....O.O++++++++++OO.O................
.......O....O..O..O.......O...........O.O............O......O....++O.O...O.....O..................O.++O.++++++++++O.OO.....OO................O....++++O.......O.............O.O.O.......OOO.......O.O..O............O.O....O....................O........
.....O.....O.......O......O.........O......O..................++++O.....O............O.......OO.....O++++O..O........O..O..O...........O..O..O.O.......O..O................O..O............OO.........O..........OOO...................O.................
...........O.O.....O...OOO..O.....O.OO.................++++++++O.......O...............O...O....O.......O......O...O.............O...........................O..........O..O...O..............OO.................O........O.....O...O.......O............
.................O.O......O...OOO..............O..O...O+O.......O......O...................O..O.........O..O..O....O...............O.OO...O.O......O.O.......O.........O.......................OO.........O..O......O..O.O.O..........O..........O.......
........O...........O..O...O...O........O.O..O....O.OO++O...O.....O.........O.O.........OOO.......O..O...O......OO.........O....O..............OO...............O........O..O..........O......O................O...O........O...OO.O...O.................
......+++++++++++++++++++++++++++++++++++++++++++++++++OO.............................O..OOO.O..OO.O.........OO..O.....O.......O..........................O.....O.....OO...OO.O......O.......O............O.......O.OO.....O....O.O...........O.........O
......+O..OOOOOOOOOOOOOOOOOOOOOOOOOOOOOOOOOOOOOOOOOOOOOOOOOOOOOOOOOOOOOOOOOOOOOOOOOOOOOOOOOOOOOOOOOOOOOOOOOOOOOOOOOOOOOOOOOOOOOOOOOOOOOOOOOOOOOOOOOOOOOOOOOOOOOOOOOOOOOOOOOOOOOOOOOOOOOOOOOOOOOOOOOOOOOOOOOOOOOOOOOOOOOOOOOOOOOOOOOOOOOOOOOOOOOOOOOOOOOOO
O.....+.OO+++++++.........O...O..O.......O.........O....O...O++++++++++++++++++++++++++++++++++.........O...O............O............O.......O......O..O.O.O...........O..O..............O.........OO..O...................OO........O..................
......+++++.O..O+++..................O+++++++++++++++O++++++++.O.O.......O..OOO.........O....O++++++OOO............O............O...O.....O....O....OO....O..O......O.....O...........O...O.O.....................O..........................O...........
...O....O..O.....O+++++++++++++++++++++............O+++........O.......O...O......O.............O.O++..O.O..O...O..............O......O......O...O..........O...O++++++++++................O............O...........O....................O...............
.O.....O........O.........O......O..................O.O.O........O..........O.....O.......OOO...O..O++++++++++++++++++++++++....O.O......O+++.O...O+++++++++++++++..O....O++++++++++++++++++++++++++++++++++++++++...O..O........O....O......O...O.O.....
......O........O....O............OO....................O..............OO.......O....O......O........O...........O..O......O+.......O+++++++O++++++++...O.........O....O..........O.O........O.O...O............OO++++..............O.....O.....O...O.....
....O...........O..O..........O....O....OO..OO...O..........O.......O.OOO.............O....O......O.............OO.....O.O.++++++++++......O.......O..........OO.....O.......OO....O..OOO.....................O..OOO++...........O...O.....O......O......
......O.O...........O.......O...........O.O........O..........O.....OO.......O......O................O..OOO..O....O......OOO.O..O..O....O...O...O....O...O...........O...O......O..O.OO..O....................O.O...O+++++++++.O..........O....O...O..OOO
...........O.....O.....O...........O....................OO..........................O...O.O.......O.O.OO..O....O....OOO........O.O...O...........O....O..O.....O.OO...O..O..O.......O............O......O..O....O...........O++++++++++++....O...........
............O....O.....O...O.............O.............................................OO........................O....O........O.O..O.O......O.....OO..O....OO.O.........O...O.......O.....OO......O...........................O.......O++++++++...OO..O.
OOOOOOOOOOOOOOOOOOOOOOOOOOOOOOOOOOOOOOOOOOOOOOOOOOOOOOOOOOOOOOOOOOOOOOOOOOOOOOOOOOOOOOOOOOOOOOOOOOOOOOOOOOOOOOOOOOOOOOOOOOOOOOOOOOOOOOOOOOOOOOOOOOOOOOOOOOOOOOOOOOOOOOOOOOOOOOOOOOOOOOOOOOOOOOOOOOOOOOOOOOOOOOOOOOOOOOOOOOOOOOOOOOOOOOOOOOOOOOO+.........
OO..O..........................O.......OO............O.............O........O.............O...............O.....O......OO........O...O....O.........O..O...O......OO........O..O.........O...O.......OOO....O...O......O............O..O.O.....+......OOO
......O...O......O.O....O..........OO.O............O..........O........O.O....O...O...............O.................................OO..O..........O....O..O....O...............O..............O........OO.OO......O...+++++++O.O........OO..O.+.........
..O.....O....O...O.........................O......OO...........O.............O.....OO.O.......O..........O...O...O...........O.OO...........O..............O..........O.....O.O....O..............O....O.+++++++++++++++O....+++++++++++++++++++.....O...
.............O.....OO........O....O...O.O......O............O...O.O.......................O.........O..O..++++++++++++++O..O.......OO.O......O.......O...OO...O..OO.O..O..OOO...O....O......O.O.O...O+++++O...O.......OO.......O......O.........O...O....
....O...............O.....O....O...O.........................OO.....+++++++++++++++++++++++++++++++++++++++O......O.O..++++++++++++++O....O......O...........OOO..........O..++++++++O..........O....+O.......O...O...OO.........O.O.....................
...........O.O..O................O....................+++++++++++++++O...O......O.............................O..O........O.........++++++++++++++++O.....O.O.O+++++++++++O..+OO....++++++++++++++++++.O.O.......O................O...........O..........
......O.........O.....OO..O...................OO.++++++O.....O..O.O..O..........O......O......O......OO...O......O...O..O.......O..........O..OO...+++++++++++++O..OO.O.O+++++.O.....OO........O.......O..........O....O.........O.O................O.O..
O.....O...............OOO.O.....O..OO......O.....+OOO.......O.....O............O......O...OO.................OOO...OO............O..........................O.O..O............O.....................O...OO.......................O.........OO............
.......+++++++++++++++++++++++++++++++++++++++++++O...O..O.....O....O...............O.......O.O............O...O....O......O....O......OOO....O..O......O..................O.O....................O...............O.........OO..........O...O....O.O.....
.O.....+O.OOOOOOOOOOOOOOOOOOOOOOOOOOOOOOOOOOOOOOOOOOOOOOOOOOOOOOOOOOOOOOOOOOOOOOOOOOOOOOOOOOOOOOOOOOOOOOOOOOOOOOOOOOOOOOOOOOOOOOOOOOOOOOOOOOOOOOOOOOOOOOOOOOOOOOOOOOOOOOOOOOOOOOOOOOOOOOOOOOOOOOOOOOOOOOOOOOOOOOOOOOOOOOOOOOOOOOOOOOOOOOOOOOOOOOOOOOOOOOO
.......++O..................O........O....O..O++++++++..O+++++++++++++..O..O...........................O......................O.....O..............O...........O................O.O.O.....O..............O............O...O.........O............O.O.....
..O....O+.....O..............O+++++++++++++++++..O..O+++++..O.....O.O++++............O...................O++++++++++++++++.....................OOO..O............O....O..O.O+++++++....................O...O.....O...O....O...............O.O............
........+.....O.O...O..O++++O++O.....O.........OO.OO......O............O+++++++++++++++++++++++++++++++++++.OO.........OO+++++++++++++++O...O...O.......OO+++++++++++++++++++....O++++++++++++.....O.O...O...O..OO..O................O.............O.....
O..O...O+++++++++++++++++.O+++OO.O.............O.......O...............O.....O..O...O..O......O....OO.O...O...............O...........O++++++++++++++++++++..O...............O.......O......O+++++++++++++++.O.................O....OO.O......O.....O....
........O...............OOO..........O......O.O...........O...O..O.....O..O...O.....O...............O...O...........O...........................O.........O........O.............O.........O............O.O++++++....O....O....O...OO.O..OO.....OO.......
.........OO.................OO......O...OO............O...................O...........O..OO.......O..O...O.....O....O...O....O.................O...................O.....O...........O.O...........O.......O.O.O+++++++++++...........O.............OO...
..O...........OO..O....O.O.....O............OO.......................O..O.O..O......O.....O...O...........OO........O....O..O.....O.....O....OO..........................................O.......O....OO.O..........OO..OO+O....O....O..........O........
............O..........O...........O.........O..................................................................O............OO....O...........O.........O.....O.O..O.....OO...O............O.........................O.OO++++...........O+++........O.O.
.........OO.........O........O..............O..O............O....................................O.........O........O.......O..O...O.......O.O..........OO..OO....OO.O..O........................O.....O.....O......O.O....OO++++++++++++++O++++OO..OO...
OOOOOOOOOOOOOOOOOOOOOOOOOOOOOOOOOOOOOOOOOOOOOOOOOOOOOOOOOOOOOOOOOOOOOOOOOOOOOOOOOOOOOOOOOOOOOOOOOOOOOOOOOOOOOOOOOOOOOOOOOOOOOOOOOOOOOOOOOOOOOOOOOOOOOOOOOOOOOOOOOOOOOOOOOOOOOOOOOOOOOOOOOOOOOOOOOOOOOOOOOOOOOOOOOOOOOOOOOOOOOOOOOOOOOOOOOOOOOOO+.....O.O.
.....O.OO....O............OO.OO...O.......O..O.......................O..O........O.........O.O....OO.O....O..............O..OO.........O.........O..........................O.O.........O....O.................O.....OO.O...O.........O....O..O+.........
O..O..O......O..OO...O.............OO........O...OO......O......................O.O....O.........O...............O.O...OO.O.O.O....O........O..O............................O..O......O........O..O....O.........O.......O................++++++.....O...
..........O..O.......................O......O......O...O............O..O.O...........O...O...O..O...O.....O.....................O..........O..O...........O....................O......O........................O......OO............O.....+O........OO.OO
.O..O.....O...OO.........O.++++O......O.O.........O..OO..................................++++++++OO..O...........................O..O..............O....O.O...O..O..............O..........O..........OO....O......O...O.....O..O.+++++++++.O.O..........
..OO...........O...O.+++++++OO+++++++++++O.........O....O...O.....O..+++++++++++++++++++++O.....++++O...O...O..O....O.....O.O....O...O....O.O..O............O...O.....O......O..O.....O....O.................O..O..............++++OO..O..O..O.........O.
.................O...+O..O...O..........++++++++OO.O..OO....++++++++++O.....O.............O........++++O..O..O.......O.......O........O+++++++++O.++++++++++++++++++++++O......O........OO.O.O.......O..........O.......++++++++OO..........OO...O.......
.....O..O......O..O..+.O.OOO.....O..O..........++++++++++++++O....O..O............O...............O.O.+++++++++++++++++OO.O..OO.++++++++O......++++O......O............++++++++++++++++++++O...++++++++++++++++++++++++++O.............................O.
..............O.++++++.O..........O..O.O..O...O........O..........OO.....O....O..O...O..O.......O.....O.O...O.........+++++++++++O.......O.O....O......OO..................O.....O........++++++O............O..O........................................
.......++++++++++O....O.....O...O..........O.O...O........O.......O..O......O...O.O...O........O..............O.................O.....O....O........OO........................O........O............O...................O.O..........OO....OO............
O..O.OO+O.OOOOOOOOOOOOOOOOOOOOOOOOOOOOOOOOOOOOOOOOOOOOOOOOOOOOOOOOOOOOOOOOOOOOOOOOOOOOOOOOOOOOOOOOOOOOOOOOOOOOOOOOOOOOOOOOOOOOOOOOOOOOOOOOOOOOOOOOOOOOOOOOOOOOOOOOOOOOOOOOOOOOOOOOOOOOOOOOOOOOOOOOOOOOOOOOOOOOOOOOOOOOOOOOOOOOOOOOOOOOOOOOOOOOOOOOOOOOOOO
.......+.O.....O.........OO...............O......O.O...O...O.........O.......................O...O.O.....................O...O........O...................O.O.OO.......O..O......O............................................O.O..............O......O..
.......+..O......................OO......O.O.............O..O.......O..O....O..............O....O............OO...O.O.....O......O.O...O...............O..............O...O.........O.....O.O..O........O...........................O.......O..OO......OO
O.O...O++OO........O...........O.....O..................OOO........O............O.....O.........OO.......O...O.O.O......O.OO...............................O...O......O..........................OO.......O...............OO..OO............OO........O..
.......O+............OO.........O.O..O.................O.......O.....O.......O.............O.........O....O....O..O...........O..O.O......O.O++++++++++++++..O.....O..OO...............OO...............O...................O.O...O......................
...O....+++++++++++++++++++++++++++++++.....O++++++++++++.......OO+++++..............O+++..OO......OO..O+++++..O.O......OO++++++++++++++++++++.O.O.......O++++++++++..O.....OO.......O........OO...O....OO...O........O...O.O........OO............O.O...
.....O...........O.O.O...O.....O.....O++++++++.O.......O+++++++++++..O+++++++++++++++++O++O..O+++++++++++..O+++++++++++++++.......O.......O.....O.................O+++++++++++++++.....................O...........................................O.....
.....................O.....O.........................O.....O.O......O...O....O..........O++++++......O..O.............O...OO......O...O........O....O.............O.......O..O.OO+................O...OO......O..O..........O.O.......O.....O............
.........O..OO...O......O..............O.......O..O.OO.......O..O......O........O.O.....O..........O........O.......O...................O........O..O.........O.....O.......O.O..++++++++++++++++++++++++++.....O..O......................O++++++........
.O..........................................O.......O......O...O................O.O........O..O...............O..O.....................O..........O.............................O.....O..................O++++++++++++++++++++++++++++++++++...O+O.......
OOOOOOOOOOOOOOOOOOOOOOOOOOOOOOOOOOOOOOOOOOOOOOOOOOOOOOOOOOOOOOOOOOOOOOOOOOOOOOOOOOOOOOOOOOOOOOOOOOOOOOOOOOOOOOOOOOOOOOOOOOOOOOOOOOOOOOOOOOOOOOOOOOOOOOOOOOOOOOOOOOOOOOOOOOOOOOOOOOOOOOOOOOOOOOOOOOOOOOOOOOOOOOOOOOOOOOOOOOOOOOOOOOOOOOOOOOOOOOO++......O.
....................O..O..O........O.O....O.............OO..........OO..........O....O....O.OO.....O...OOO......O................O..O...............OO.O....O......OO.O................O..........O...O.....OO....O........O..O...........++++++O........
..OO..........O.O........O........OO..O....O...........................O......OO..............O..................O.............O...........................O...O.O...O.............O..O...O..O..OO........O...O...............O.O........++O........OO...
..O.....O........O.........O........O.O......O....O...............O......O...........O...........OOO..............O...........O.............O.......O...O.......O................O........O...OO.O.....O..O.....O+++++++O..........+++++++O......O.....O.
...O.....................O...OO.........O.O..OO.............O...........O......O....OO.............O........O...............O.....O..O...O.O..........................OO........O...O....O..........O...++++++++++OOO..+++++++++++++O....O.O.O.......O...
O..OO...O......................+++++++++++++++O.....O..O.......+++++++++++++OO.O.O......O...........O....OO.O...O.......O.O....O...O......O.O..O..O............+++++O.O.O..........++++++++++++++++O..+++O..O........OO..O.O.......................O.....
.........O...........O....++++++O..O......O..++++O..++++++++++++O.........O+++++++O.OOO.+++++++++O......O.OO..O...........+++++++++++++++++++OO+++++++++++++++++OO.+++++++++++++++++O.....O.....O.+++++O...OO....O............O..O.......................
O.O.......O.......O.......+O...........O......O.+++++O.......O.O.................++++++++OO.....++++++++++O.O.+++++++++++++O............O...++++O..O..........O....OO........O.................OO.......O....O.......................O.......O.....O.....
........+++++++++++++++++++O....O....OO....O.O.................O......................O.....O......O.....++++++O...O.O......O......O.....O........O........O....O...O............O.O.OO..........O..O...............O...O.........OOO..........O..O...O..
.......O+O.O......O........O......O.........O.OO......O.......O...................O...O............O..OO............O.......O.....O......O......OO...O...................O.....OO..O.O...............................O.....O.............O...............
.OO...O.+.OOOOOOOOOOOOOOOOOOOOOOOOOOOOOOOOOOOOOOOOOOOOOOOOOOOOOOOOOOOOOOOOOOOOOOOOOOOOOOOOOOOOOOOOOOOOOOOOOOOOOOOOOOOOOOOOOOOOOOOOOOOOOOOOOOOOOOOOOOOOOOOOOOOOOOOOOOOOOOOOOOOOOOOOOOOOOOOOOOOOOOOOOOOOOOOOOOOOOOOOOOOOOOOOOOOOOOOOOOOOOOOOOOOOOOOOOOOOOOO
........++++......OO...O..O.O..O.........O.O.........O.......O....O........O...........O.OO....O..........O.O......O....................O......OOO.O.........O......O...O.....O.O..........O....O...........O..................O.....O.O.................
.........OO++++++..................O.................OO...O..............O.O.O...............O.O..O.O....O..................O......O.......................O.....O.........O.........O...........OO.....O............O++++++++++............OO.O.....O...
.......OO....O.O+.O......O........O.O............O......O....O.....O.O........O.....................O.......O.....O...O.............O..O+++++++++++...........O.O..........O...O................O++++++++++++++++++++++O......O++++O...O....O............
...............O++++++++++..............O.................O....O.........OO.OO.....O...O....O.O..O..........O...O...............OO+++++++.....O..O++...............OO.....O..OO+++++++++++++++++++..........O..O....O.O....O.O...O++++..............O....
..O......O.OO...O.......O+++++..OO.........O...O...............O.OOO.OO.....O....O...O+++++++++.O..OOO.O.O....O.O...OO...OO++++++++...............O+++++++++++...O...........O++......................O......................O..O...O+++..O...........O..
O....OOOO...O.......O.......O+++++++O.........O.OOO...O..............OO.O++++++++++++++......O+++++++++.O+++++++++++++++++++............O...O.....O.O.......O++++++++++++++++++...........O.OO..O....O..........O..O..O...O...O...O...O+++O......OO......
O........OO..OO.........O........OO++++.......O.OO.....O.....O.......O++++........O...O.O...O....O.O.O++++...............O...O....O....O..........OO...O......O................O.O.............O.O..O...................O......O.....O..O+..O..O.......OO
.O.......O..........O........O.......O+..............O....O....O.O+++++...........O..O...O..OO.......O......O.........O...............O.......O....O.OO.OO....................O...O....O.........O.O...O......O....OO.......O..........O.++..O..........O
............O..O......O..O....O.O....O+++++++++++++++++++++++++++++.O.O..........O...........O...O........O......O.OOO.......O..OO......O..............O....O........O..OO...............O......O.....O..O...O.O...O.O..........O..OO..OOO++++++.........
OOOOOOOOOOOOOOOOOOOOOOOOOOOOOOOOOOOOOOOOOOOOOOOOOOOOOOOOOOOOOOOOOOOOOOOOOOOOOOOOOOOOOOOOOOOOOOOOOOOOOOOOOOOOOOOOOOOOOOOOOOOOOOOOOOOOOOOOOOOOOOOOOOOOOOOOOOOOOOOOOOOOOOOOOOOOOOOOOOOOOOOOOOOOOOOOOOOOOOOOOOOOOOOOOOOOOOOOOOOOOOOOOOOOOOOOOOOOOOO+......O..
......O...O........................O..O....OOO....O..O.............O...O..O.O.................+++++++++++++++O.....O......O...........................O......................O....O.....O..O......OO..O......O.....O.O....O...........OO..O....+O.....O.O
.O........O..............O..O...............O.......O...O......OO..........O.....O....O++++++++O.......O....++++O.O...O....................O....................................O..OOO......O............O...O..........O...+++++++++O......++++.........
...........O...O...........O......O..............O...O....O...O....O.O++++++++++++++++++O........O..O.......O..++++O..O.++++++O........O...OO...O...O.........O...........OOO..O....................O..O....+++++++++++++++++O.O....+++++++++O.O.O....O..
....O....O......O...O.O.....O.....O.......O.OO.O...O........O.....+++++O..........O............O..O...O.......O..O+++++++O...+++++++++++++++++++O..O.....OOO...........+++++++++++++++++++++++++++++++O.O.+++O...O...........O.....O..O..................
...............O.O.....O.........O...OO....++++++++++++++++++++++++OOO......................O.........O...OO.......OO.......O..OO...O......O..O+++++++++++++++++++++++++O........O...O...............++++++O........O.....O..O....O.......O..O...........
...O................O...++++++++++++++++++++O........O...O...O.O..................O...........O..O.......O..............O...O............................................O...........................O.......O........OO........O.O................O.O...
O.............+++++++++++O..O.........O..............O..O........O.....O.O........O.......O......O........O.O..O...O.O..O...................O......O....O........O....O.............O..........O..............................O.......O.O.O.OO.OO.....O..
..O...O.....+++O..........O....O......................O.........O......O...............O....O...O..................O...OO.OO............OO......O..O....O.O...O.........O.......OO.O..O...........O.O..O.....O..O...........O...O.OO.O......O....O....O..
.........++++O..........O.O....O.......O.....................O.......O........................O............O..................O............O.....OO..O........O......O........O.....O.O....O....O..O.O..OO..........................O....OO.............O
........++OOOOOOOOOOOOOOOOOOOOOOOOOOOOOOOOOOOOOOOOOOOOOOOOOOOOOOOOOOOOOOOOOOOOOOOOOOOOOOOOOOOOOOOOOOOOOOOOOOOOOOOOOOOOOOOOOOOOOOOOOOOOOOOOOOOOOOOOOOOOOOOOOOOOOOOOOOOOOOOOOOOOOOOOOOOOOOOOOOOOOOOOOOOOOOOOOOOOOOOOOOOOOOOOOOOOOOOOOOOOOOOOOOOOOOOOOOOOOOO
O...O...+O......O....O.........O..........O..........O.....O.............O........................O........................OO..............OO....O............OO..........O.....................OO................O..............O........O...O..........
.O....O.+.........O.....O.......O..O.............O..O..............O...O....OO.O......OO......OO..O.O.............O....O....O......O.....O..O..OO......O.................O....O...O.++++++++++..O++++++++++...........OO.O....O..O.O...O..........O...O..
...O...O+..O.O.......O.......O..............O.O.O...O...O.....................O...............O...O..........OO............OOO..O.....O....O.O.O........O.O.......OO...............O+.......O+++++.......O+....OOO....O.......O...O..O.O.........O......O
...O..O.++......O.................O..O.............................O.....OO...........O...O.........O..............O..O...OO.........O....O...O.....O....O++++++++++....O++++++++++++...OO...O.....O..O.O.++++++++++++++++++++++++++O....O............O.O
O.......O+++++.........O...OO..........O.........O.........OO.......OO.......OO....O.....O.................O.O......O...OO..........OO...O+++++++++++++++++...O...O+++++++....O.O......O...O......O...O...O..........O.O......O...O+..............O....OO
............O+++++++++++++++++++++++++++......O++++++++++++++++++++++......O...OO......O..O.OO...O....................O.O...O++++++++++++++.....O.O..............O.................O...........O.O...O.........O...........OO....OO++...O.O..............
......................................O+++++++++O..O.....O.OO......O+....O....O............O++++++++++++++.O.........O++++++++.O.....O....O..OO..O........O........O....O.......O...........OO...O..O.O.OO....OO...O.....O.....O...O+.O......O...........
....O......OO.....O.OO..........O...O......O...........O.OO.......O.+...............O..O.O+++.O.O.......O++++++++++++++..O.....O...............O...........O........................O............O.................O...O....O.O....O+++++..O.....O...O...
.OO..O..........................O.....O...O.O..........O.O.O.......O+++++++++++++++++++++++.............O.O......O..............O...O........O.......................O....O........O........O........O........O............O..O...O..O.O++++++++.......O.
OOOOOOOOOOOOOOOOOOOOOOOOOOOOOOOOOOOOOOOOOOOOOOOOOOOOOOOOOOOOOOOOOOOOOOOOOOOOOOOOOOOOOOOOOOOOOOOOOOOOOOOOOOOOOOOOOOOOOOOOOOOOOOOOOOOOOOOOOOOOOOOOOOOOOOOOOOOOOOOOOOOOOOOOOOOOOOOOOOOOOOOOOOOOOOOOOOOOOOOOOOOOOOOOOOOOOOOOOOOOOOOOOOOOOOOOOOOOOOO+O.O......
..........O......O........O......O..........O........O..O.....O...OO...O.....O.......O..O..........O.O..O..O..O...O..O....O..O..............O....O....O..........O.................O........O...O....O.O................O...OO...........O++++++......O..
....................O............O.....O........O....O.O....OO...OOO..............OO............O........O.......O..O.O....O..O.......O.................O.........OO................O......O.O..OO.O......OO..OO.......O.....O.O...O+++++++O.........O...
...............O...............................O....O..........O...O....O.....+++++++++++++++++O.....O...........O.....O......O...............OO...........O.....O....O..............O.....O.................O...O......O..O.++++++++OO.............O..O.
.....O.................O.O......O......OO......O.................O...........++O....OOO.......+++++++O.......OO.O.................................O....................O...O......O.O...........O.........O.........++++++++++O...O...O.....O............
.......O.........O......O.......OO...................O...............O..++++++O........O............++++++++++O.O.O...................................O.......O.....O...O...O...OO......OO..........+++++++++++++++++O...O......O..........O....O.......O
....O.............O..O........O......................O........O.........+O........O..O......O................++++++++++++++++++++++++++O...OO.O.......OO...O.+++++++++++++++++++++O..........O..+++++O.............O.......O...O..O....O.OO.O............
............O...O........O....O......O.O......OOO............O.....++++++O............OOOO.O...OO.O.......O.O........O........O...O...++++++++++++++++++++++++O........O.........++++++++++++++++O..................O......O.......O...........O........O
.......O+++++O.OOO......+++++++OO.O.++++++++++++++++++++++++++++++++OO.O.O..........O.......OO........................O..........O........O..O.....O.......................O...........O...................OOO.O........O......O..O......................
O.......+O..+++++++++++++OOO..+++++++O......O....................O............O.O.....O.......OO......O......O.....................O.O.......................O.OOO.........O.O...........O..................O...O......O.............O...................
.O......+.OOOOOOOOOOOOOOOOOOOOOOOOOOOOOOOOOOOOOOOOOOOOOOOOOOOOOOOOOOOOOOOOOOOOOOOOOOOOOOOOOOOOOOOOOOOOOOOOOOOOOOOOOOOOOOOOOOOOOOOOOOOOOOOOOOOOOOOOOOOOOOOOOOOOOOOOOOOOOOOOOOOOOOOOOOOOOOOOOOOOOOOOOOOOOOOOOOOOOOOOOOOOOOOOOOOOOOOOOOOOOOOOOOOOOOOOOOOOOOO
...O....+.O...........O...O...........O.......O.O.........O...................O....O.O..........O....................O..O..........O......O........................O.........O...O....O......O....O.....O.............O.....................O..O.O....O..
O.......+...O...O...........O....OO.........O....O+++++++......O...............O..OO...........O........OO...........O.....OO...OO............O...O......................O....................O......OO........O..O....O.......O......O.....O..O.....O...
........++...OO....O.....O..O++++++++++++++++++++++OO..O++..O........O......O..........................O..........O...O............................O......................O.......O......O...OO.OO.....OO..O.O..............O...O........O......O.O......
........O+++.O++++++++++++++++....................O.....O++......OO.O............O...O................O.O....O..............O.....OO..........O..O.....O.O..............O...O......O.......O......O.................O........O.........O...O..OO.........
O.........O++++OO..O........O....OO................O...O.O+++++++++++++++..........O.....................O.............O.O...........O...........OO.OOO.......O......O..............O.OO....O.O.....OO.O................O......O...............O....O....
......O.......O..OO......O...O...O............O..O....O.............O..O+++++++.......OO........O..O........................O...........O...........O.......OO...O++++++++++++O..O..O......O.........O+++++++++++..O..O........O..............OO.........
.................................O.....O...................O....O............O++++++..OO.......O.......OO.....O..OO..................O........................O.O++.........O+......O.O....O.O+++++++++.....O..O+++.....O......O+++++++..................
...O....O...............................O............O.............O..............O++++++++++++.....................O............O++++OO........O.O+++++++++++++++.......O..O++....O+++++++++++.O.....O...O......O+++++++++++++++....O++++++++...O.O.....
..O..............O.......O..O....O..O..........O....O.......O...........OO..O...............OO+++++++++++++++++++++++++++++++++++++.O+++++++++++++++........O...O.........O.OO+++++++.......O.O...O..........O...........O..OO....O....O..O.O+++O........
OOOOOOOOOOOOOOOOOOOOOOOOOOOOOOOOOOOOOOOOOOOOOOOOOOOOOOOOOOOOOOOOOOOOOOOOOOOOOOOOOOOOOOOOOOOOOOOOOOOOOOOOOOOOOOOOOOOOOOOOOOOOOOOOOOOOOOOOOOOOOOOOOOOOOOOOOOOOOOOOOOOOOOOOOOOOOOOOOOOOOOOOOOOOOOOOOOOOOOOOOOOOOOOOOOOOOOOOOOOOOOOOOOOOOOOOOOOOOOO+.....O...
..O.............O..........................O.........O.....O....O...................O.OO.........O...O.....O....++++++++++++++++++++++++++++++.O.O............O.O............O................O.......O...................O...................O+O......O.
O....O.................O....O................O..............O.........O.....O....O..............O.+++++++++++++++O..O.O.O....O........OO.....+O.....OO..........O..................O.......O..O.....O............O........O..+++++++++++O....O++O........
OO.................O..........OO...+++++++++++O..O..+++++++++++++O.........O...O..O.O......O...++++O......O.......O...........O....O....OO...+++++++++++OOO........................O.+++++OO.O....O..O.......O......O......+++O........++++O.O+O.........
......O..........O..............O..+O...OO...++++++++O..........++++++++++++++++++++++++++++++++O................O................O..........O.........+++++++++++++++++++++++++++++++O..+++++++..O..OO.......++++++++++++++O.....O.O.....++O.+...O......
...........O...+++++++++++++++++++++.O............O....O...O..........O......................O..O.O..........O..O.........................O..O..O......O........O.....................O.....O..+OO.....O.++++++O....O....O....O....O.......+O++....OO....
...........+++++O....O.O.........O..O......O.........O..O............OO.O..O.O................O..O...............OO..........OO........O...O.O.O..O....O..................O...O....O.O.....O...+++++++++++O...O...O...O........O....O...O.O+++O..........
......O....+O..O.O...........O.OO...........O.O...........O...O.O...O.........O..............O..............O.......................O.....O............O...OO..........O......O.....O...O.O..........O.......O...............O....O....O............O....
.....O..O..+O..................O..............OO........O....O........O...O....O............O...O.O....O......O...................O...OO.O........O...OOO......O.O.....O.......O.........O.........O..O...O.O..........OO........O............O....O...O.
........++++O.............O....O....O....O..O.O...............O......O..O.............O............O.O......................O..........O..O...........................O.....................O..........OOO........O.OO..O..........O..O.....O........O.O.
..O....O+OOOOOOOOOOOOOOOOOOOOOOOOOOOOOOOOOOOOOOOOOOOOOOOOOOOOOOOOOOOOOOOOOOOOOOOOOOOOOOOOOOOOOOOOOOOOOOOOOOOOOOOOOOOOOOOOOOOOOOOOOOOOOOOOOOOOOOOOOOOOOOOOOOOOOOOOOOOOOOOOOOOOOOOOOOOOOOOOOOOOOOOOOOOOOOOOOOOOOOOOOOOOOOOOOOOOOOOOOOOOOOOOOOOOOOOOOOOOOOOO
...O...O+........O........O........O......O.O..................O....O...O.....OO........O...............O...O...........O.......O......O....O..O...OO..OO..........O.O..........O.O........O.......OOO...O.......OO.OO......O.......................O....
........+.................O......O.......O..................O....O...O.......O.........O..............................O.......O........O.O...O......O++++++++++++++++++++++......O...O.........O..O...O....O.............O....O...O...............O.O..O.
........++++++++++...O...............O..O.................O.....................O........OO..OO.........O...........O...O...........OOO..O++++++++++++...................O++++++++++++.OO.....O+++++++++O++++++++++O.O....O..O...........................
................O++++++++++++.......O...O..............O.......O...O.O.O....O.....O...............O..O.....O............O........O+++++++++...O...OOO...O..........OO.....OO........O+++++++++++...O..O+++....O.OO+++++.......O.....O..O.........O.OO....
...........................O+++++...O....O.....O...OOO...O+++++++++...O.........OO...O.OO......O+++O.O+++++..O.O..........O..O+++++.........................O....O....O.....O.................O..O..........O.OO....OO++++++++++++.O......O...O.O........
...........O.....O..O....O.....O+++++++++++++++++++++++++++...OO.O+++++++++++++++++++++++++++++++O+++++..O+++++++++++++++++++++.........OO.O........O...O....O....O..O..O.....O..O....O........O...........O.....O.....O.....O..O+++++++....O............
............O..................O.O...................O....O.O.......O......O...........O....OO..O.........O.......O....O...............O..O.............O..O..OOO......O.O.O....................O...............OO.O.O.......O.O......O++++++O.O.O.......
.....................O.....O..................................OO..OO...O.....O...O....O......O............O.O..O............................................O..O.............O.....O....OO...O.....O.....O.O.O.......O..........O...O......O+++O.........
..................O......O...O........O......O.O.........O.........O.................................O...........O...O.O.O.........................O.......OO..................OO..O...........O...O.....O.O.O.O...........O...............O.O++........O
OOOOOOOOOOOOOOOOOOOOOOOOOOOOOOOOOOOOOOOOOOOOOOOOOOOOOOOOOOOOOOOOOOOOOOOOOOOOOOOOOOOOOOOOOOOOOOOOOOOOOOOOOOOOOOOOOOOOOOOOOOOOOOOOOOOOOOOOOOOOOOOOOOOOOOOOOOOOOOOOOOOOOOOOOOOOOOOOOOOOOOOOOOOOOOOOOOOOOOOOOOOOOOOOOOOOOOOOOOOOOOOOOOOOOOOOOOOOOOO+....O....
....................O.O...O...O...............O..............................O......O.......O.............O..................O............O...O........O............O......O......O...O..OO.O.......................O.....O....................+......OO.
.....O...........O........O....O........O.OO............................................O.O..........OO.......O.................O.........................O...........O.O......O.......O..OO....O..O.....O...............O....................++.OO......
...O.OO...O.O......O.O.......O..........O....O.............O...O...O.OO.O...O..O.O.......O................O.O..............O..O....................................O............OO....O.....O.O...O..O..O......OO...O........O.O+++++++++++++++O.........
.......O.........OO........O............O......O...........O....OOO...O......++++++++++++++++++++++++++++++++O...O.........O....................O..OO...........OO.O.................O....O..O.....O......O........O....O..++++++O.O..O...........O......
..O....................O....O....................O.....O...+++++++++++++++++++O.................O...O.......++O...........OO........O..O.........O....................O.OO.OO.O...O......OO.............OO.O..O.........O.++O........O....O.............O
.....O.OO.O.........................O.................O+++++O.................O.........O...O.O.......O......++O..........+++++O.............++++++++O.......O..O.....O................O.O.O.......++++++++++++++++++++++++O.................O..O........
............O..........O.O........O.....O..+++++++++++++O.................O..O....................OO..........+++++++++++++O..++++++++++++++++O.....++++++O..O.O...O.O........+++++++O......++++++++O...O.........O.............O.........O..O.OO.......O
......O.OOO.......++++++++++O..O...+++++++++O......O...........O.O.........OO.O.....O...........O....O.O..O.O..O........O.O...O.....................O....++++++++++++++++++++++O....+++++++++O...............O..O.......O...........O......O.....O...OO.O
......O..++++++++++O..O.O.O+++++++++O..O.........O..O...........O.O........O.................O....O..................O...............O..................OO......O..O.........O...O..O............O........O..O....O...O..........O.....O...........OO....
OO..OO.+++OOOOOOOOOOOOOOOOOOOOOOOOOOOOOOOOOOOOOOOOOOOOOOOOOOOOOOOOOOOOOOOOOOOOOOOOOOOOOOOOOOOOOOOOOOOOOOOOOOOOOOOOOOOOOOOOOOOOOOOOOOOOOOOOOOOOOOOOOOOOOOOOOOOOOOOOOOOOOOOOOOOOOOOOOOOOOOOOOOOOOOOOOOOOOOOOOOOOOOOOOOOOOOOOOOOOOOOOOOOOOOOOOOOOOOOOOOOOOOO
....OO.+OO.O.....O.......OO......O...........O........O....O.O......O...........O...O..O...........O.O......OO.......O..O.......O..........O.O...OO..O..OO.......O..........OO...O............O.........OO.O......................OO.....................
...O...+....O................O.....O.O.O.O.O+++++++++O++++++++++++++++++++++++++++++++O.......O........OO.O...O.....O........O.........O...........O..................O..O........O.................O...............O.......OOOO.O.....OO..OO............
.......++++++++++++++++++++++++++++++++++++++......O+++..O..........................O+++O++++...O.O.O.O.......O.............O+++++++++++++++++.OO..................O.............O....OO...........O.................O+++++++++++++++++++++............O.
........O.............OO.....O...OO......O........O......O...OO.O.....O...............O+++OO++++++++++++++++++++++++++......O+...O..O.......O+++................OOOO..........O.O.........O...O..O....O.+++++++++++++++......O..........OO++++...........
.....O........O..........O..........O......O.O..O............O..O...............O.....OO...O..O......O.......O..O.O.O+++++++++..........O.....O++++++++++++++++.....O.....................O..O...O....O.+....................O.....O.......OO+++..O...O..
O.O..O......O......O..O......O...O.................O...........O..O.............O........O................O........................OO.....OO.O.........O.....O+++++++......O+++++.........O......O.....O+.O.....O.........O...........O....O.OO+...O.....
..O....O.....O..O....O.........O.......O.......O....O.O.........O.......O..O......O..O.........O........................O.........O.....O...O..O...........O.......O+++++++++O.O+++++++++++++++++++++++++...O.O....O...O................O....O.+O...O..O.
.............O..O..O............O............O...O..O......OO...O.......................O........O..O......O..O.O.............O..OO.........O...............OO..........O..O....O..OO........O.O...O........O.............OOO.........O.....O..+O....O..O
O.......O....O....O.O...O............................O.....O......O....O....................O............O.......OO..O.....O..O..OOO...............................O..............O.......O..O....O......OOO.....O......O..................OO..+O.O......
OOOOOOOOOOOOOOOOOOOOOOOOOOOOOOOOOOOOOOOOOOOOOOOOOOOOOOOOOOOOOOOOOOOOOOOOOOOOOOOOOOOOOOOOOOOOOOOOOOOOOOOOOOOOOOOOOOOOOOOOOOOOOOOOOOOOOOOOOOOOOOOOOOOOOOOOOOOOOOOOOOOOOOOOOOOOOOOOOOOOOOOOOOOOOOOOOOOOOOOOOOOOOOOOOOOOOOOOOOOOOOOOOOOOOOOOOOOOOOO+...O...O.
........O..OO.....O..............O..........O...O....O........O...O..............................O.O........O..O...O.........OO..O..OO...........O.......O.........O..................OO.O.O.......O.O.....O.....O....O.....O..................+......O..
......O.O...O....OO.........O..........O...O..O..........O...........O.O..........O........O....O......O...O............OO.O......OOO..O...O..........O..O..OO......O.........O.O..O......O......O.O....O...O......O....O........+++++++++++++++O........
.........O.....O.O.....O........O...O......O.O.........O.........O...........O..............O.O..O.O....O...O..................................................O...O.....O.......O..........+++++++++O.......OO...............++++O.....O...O......O.....
..O.....O.OO..............O....O..............O.............O............O..OO.O.O..O.............O.O.....O....O.......O..O.....O.O........O...O...................O...O.............O.....++O.....O+++++++++++++++++++++++++++O......O..O..O............
.OO..............O.....O..........O.....................O.............O.........O..O...O..........O..O.......O...........O..O.O.............O......O......O........O...O....++++++++++++++++O.....O..O.......O.O.................O.........O..O..........
.................................O........O.....O.O...O...O.......OO......O........O.......O....++++++O.....O..........+++++++++++++++++++++++++++++++O....O...O......OO..O.+O....O...O.....O...........OO.....O......................O...O........O..O..
....O..........O.......O......O........O....O...++++++++++++++++++O.....+++++++O..O....O..O.....+O...+++++++++++++++++++O....O.O.................O...+++++++++O.......+++++++O.....O.........O..O......O........O........O.....O....O....................
O..................++++++O.....O......+++++++++++O...............++++++++O....+O..+++++++++++++++O.......O....O.....OO..O........O...O....O..OO....O........O++++++++++O..O.OO.........OO....O..O....O.O.OO...O.............O............................
...O.....+++++++++++O...+++++++++++++++OO.OOO......O..........O.........O..O..+++++OO...O.......O.....O......O..........O....O.....O.O.............O................O....O...OO...O..........O.......................O......OO.................O...OO....
.........+OOOOOOOOOOOOOOOOOOOOOOOOOOOOOOOOOOOOOOOOOOOOOOOOOOOOOOOOOOOOOOOOOOOOOOOOOOOOOOOOOOOOOOOOOOOOOOOOOOOOOOOOOOOOOOOOOOOOOOOOOOOOOOOOOOOOOOOOOOOOOOOOOOOOOOOOOOOOOOOOOOOOOOOOOOOOOOOOOOOOOOOOOOOOOOOOOOOOOOOOOOOOOOOOOOOOOOOOOOOOOOOOOOOOOOOOOOOOOOO
OO.......+..OO........................O...O...O........O.............OO..................O.........................OO...O..............................................O..................O.....................................O............O......O...O
.........+++++++++++++++++++++OO.......O.................................OO...............O........OO.O.............O..........O........O..O.....O........O..........OO..........OO.................................OO...............O....O..............
OO......O...O..O.O.........OO+++++.....O.O................O.............O.......O.....O......O.........O..O..............O.....O+++.....O+++++++++++++++++++++++++++++++++++.......O.....O.O.........O..O......O.....O...........O...O...O.......O.......
O.....O..O......................O+++++...OO++++++++++++++O.O........O..........O.....O........O......O....O.O++++++++++++++++++++O++++++++.....O.......O.O...O.......OO...O++++++++.....................O.......OO.O......O...O....O.....................
..O.......................O...O.....O+++++++...........O+..O....O+++++++++...O......O.....O...O....O.O.O++++++........O..........O..........O.......O......O...O......O.OO......OO+.....O...O......O...O..O...........O..O....O......OO........O.........
.....OO.......O....O.....................O....O.......O.++++++++++O.....O++++++++++++++++++++++++++++++++......O.O....O.....O....O....O....O...OO...........O..........O.......OO.++++++++++++++........O....O++++++.....O+++++......................O...
.....O.....O....O.O..........O..O............O.O....O.OO..O.O..........O..........O............O......O....O.O.....O..O..OO.....O......O......O..O......OO....................................O++++++++++++++++O..O++++++++..O++++.....O......O.......O..
.....O..O...............O...O...................O..O.................O..........O.O......O..O..............O.OO.OO..O......................O....................O...O...OO...................O.........O.O.O.......O.........O..O+.O.....O...............
.....O....O....O....O......O.......................................O..O......O...................O....OO........O....O......................................O..O.O......OOO................O..O.O........O..O..............O....O+++++++++++++++++.......
OOOOOOOOOOOOOOOOOOOOOOOOOOOOOOOOOOOOOOOOOOOOOOOOOOOOOOOOOOOOOOOOOOOOOOOOOOOOOOOOOOOOOOOOOOOOOOOOOOOOOOOOOOOOOOOOOOOOOOOOOOOOOOOOOOOOOOOOOOOOOOOOOOOOOOOOOOOOOOOOOOOOOOOOOOOOOOOOOOOOOOOOOOOOOOOOOOOOOOOOOOOOOOOOOOOOOOOOOOOOOOOOOOOOOOOOOOOOOOOOO+.......
..O..........................................O...O...O.......OO..............................O............O.O.++++O.......+++++O.......O...O.......O...........O...............O......O..............................O.O...O.............O..OO.OO+.O.O...
.O.......O.O..................O.O...O.....O.............OO......O....O...................O.O.................++O.++++++++++O.O++O........OO+++++++++++++++O.O..O........O.......O......O...O........O.....O...............O+++++++++++++++++++++++O......
.O..............O..OOO.O.O...O........O.O...........OO.......O.........O............O......O...O...........+++OO........O...O..+++++++++++++O...O........++++++++++++++++++++O.OO....O...........O...O..............O....O++O...O....O.........O...O.....
............O...O.O...O..O......O.O.OOO......O..OO...................OOO..O.............++++++++++++++++++++O...OO.....O.......OOO.......O.....O................O.O.........+++++++++O.O.........O...........++++++++++++++O...O...O....O.......O...O...O
..........O....OO.OO.O.......O.O.O..OO.O............O.....O.......O.O..O..O.....+++++++++O.....O...........O...O............OOO....O.O..O............O....O..O.O.....O..............+++++++O........O...++++++O..OO.......O.......OO........O.O..........
.........O....O..............O.O.O.O..O.....+++++++++++++++++++++++++++++O.O....+O..O.O.O.................O................OO..............O..........O.O..O..............O...............+++++++++++++++O.....O.........O....OO....OO..O...O....O.......
...............O........O...........O++++++++O.....O..................O.+++++++++O....O....O.......O.....O............O.O...O.............O..............O.............O..........O...O.OO...O.O.....O.OO........O.....O.O..O......OO......O.OOOO..O.....
........O........O..+++++O...+++++++++O..O............O.........................................O........O.........O..O....................OO.O.O..O...O.........O..O..........O.OO.............O.............O.....O.....O.......O..........OO..........
.O.......++++++++++++O..++++++O.....O.OO...O..O....O.....O....O................................O.O.....O..........O.................O...............O............O.........O.O.....O.........O.O..O.O...........................OOO....................OO
.O.......+OOOOOOOOOOOOOOOOOOOOOOOOOOOOOOOOOOOOOOOOOOOOOOOOOOOOOOOOOOOOOOOOOOOOOOOOOOOOOOOOOOOOOOOOOOOOOOOOOOOOOOOOOOOOOOOOOOOOOOOOOOOOOOOOOOOOOOOOOOOOOOOOOOOOOOOOOOOOOOOOOOOOOOOOOOOOOOOOOOOOOOOOOOOOOOOOOOOOOOOOOOOOOOOOOOOOOOOOOOOOOOOOOOOOOOOOOOOOOOO
O........++O....O..O.O..................O..O...........O........O........................O.O..................O....O......................O..............O.O.O..................O...O.....OO.........O.......................O.........OO..O.O.......O...
....O....O+O+++++++++++O++++++++++++++++++........O.....OO...................O.O.O.O..O.O.O...O...O.O........OO......O........O..O.......O..................................O.........O....O....O........O..O..O..O...........OO........OO.............O.
..........+++O.......O+++............O..O+++++++++O+++++++++++++++++++++++++++++++++++++++..................O...O.....O......O...................................O...O....O..O.O..O...........O..O.......O...O...............O....O.....O................
..................O....................O........O+++.....O..........O............O......O+++.....O.O....O..O....O............O.OO...........O.O...........O.......O....O........O....O......O.O.....O.OO...............O...O........O..........O......OO.
................O..O...O..O.....O......O........O......O.O....O.......O......O.....O...O..O+++++++................O.........O.............O..............O....O.O.......O..........O.........O..O.O...O..........................O.......O..OO..........O
..OO..O........OO................OO.........O.....OO.O........O......O...O.....O....OO..........O+++++++++O....O....O.......O......O...O.........O...O..O....O.........O...O.O..........O..............OO......O..O............O................O.OO.....
..................O.........O.......O.......O.........O.....................O...O..O..........O.........O+O..........O.O.....O.O..OO..........O....OO.OO+++++O........O++++++++......O......OO...........O.......O++++++++...........O+++++++++++++++....
.O....OO........O......O..................O...O....O..OOO.........O..............O...O...........O.....O.+++++++++.O..O.O.O............O+++++++++++++++++..O++++++++++++.....O++++++.....................O+++++++++..O..O++++++++++++++..........OOO+..O.
....O........................O..O..OO......................O...OO......O.O.....OO........O.....O.......O........O++++++++++++++++++++++++..............O..OO........OO..O.........O++++++++++++++++++++++++............O.............O.............O+++++
