AABCCCAABC+AABBCCAABB=DBCBCCDBCB
AABCCCCAABC+AABBCACAABB=DBCBCACDBCB
AABCCCCAABC+AABBCCCAABB=DBCBCCCDBCB
AABCCCCCAABC+AABBCAACAABB=DBCBCAACDBCB
AABCCCCCAABC+AABBCCACAABB=DBCBCCACDBCB
AABCCCCCAABC+AABBCACCAABB=DBCBCACCDBCB
AABCCCCCAABC+AABBCCCCAABB=DBCBCCCCDBCB
AABCCCCCCAABC+AABBCAAACAABB=DBCBCAAACDBCB
AABCCCCCCAABC+AABBCCAACAABB=DBCBCCAACDBCB
AABCCCCCCAABC+AABBCACACAABB=DBCBCACACDBCB
AABCCCCCCAABC+AABBCCCACAABB=DBCBCCCACDBCB
AABCCCCCCAABC+AABBCAACCAABB=DBCBCAACCDBCB
AABCCCCCCAABC+AABBCCACCAABB=DBCBCCACCDBCB
AABCCCCCCAABC+AABBCACCCAABB=DBCBCACCCDBCB
AABCCCCCCAABC+AABBCCCCCAABB=DBCBCCCCCDBCB
AABCCCCCCCAABC+AABBCAAAACAABB=DBCBCAAAACDBCB
AABCCCCCCCAABC+AABBCCAAACAABB=DBCBCCAAACDBCB
AABCCCCCCCAABC+AABBCACAACAABB=DBCBCACAACDBCB
AABCCCCCCCAABC+AABBCCCAACAABB=DBCBCCCAACDBCB
AABCCCCCCCAABC+AABBCAACACAABB=DBCBCAACACDBCB
AABCCCCCCCAABC+AABBCCACACAABB=DBCBCCACACDBCB
AABCCCCCCCAABC+AABBCACCACAABB=DBCBCACCACDBCB
AABCCCCCCCAABC+AABBCCCCACAABB=DBCBCCCCACDBCB
AABCCCCCCCAABC+AABBCAAACCAABB=DBCBCAAACCDBCB
AABCCCCCCCAABC+AABBCCAACCAABB=DBCBCCAACCDBCB
AABCCCCCCCAABC+AABBCACACCAABB=DBCBCACACCDBCB
AABCCCCCCCAABC+AABBCCCACCAABB=DBCBCCCACCDBCB
AABCCCCCCCAABC+AABBCAACCCAABB=DBCBCAACCCDBCB
AABCCCCCCCAABC+AABBCCACCCAABB=DBCBCCACCCDBCB
AABCCCCCCCAABC+AABBCACCCCAABB=DBCBCACCCCDBCB
AABCCCCCCCAABC+AABBCCCCCCAABB=DBCBCCCCCCDBCB
AABCCCCCCCCAABC+AABBCAAAAACAABB=DBCBCAAAAACDBCB
AABCCCCCCCCAABC+AABBCCAAAACAABB=DBCBCCAAAACDBCB
AABCCCCCCCCAABC+AABBCACAAACAABB=DBCBCACAAACDBCB
AABCCCCCCCCAABC+AABBCCCAAACAABB=DBCBCCCAAACDBCB
AABCCCCCCCCAABC+AABBCAACAACAABB=DBCBCAACAACDBCB
AABCCCCCCCCAABC+AABBCCACAACAABB=DBCBCCACAACDBCB
AABCCCCCCCCAABC+AABBCACCAACAABB=DBCBCACCAACDBCB
AABCCCCCCCCAABC+AABBCCCCAACAABB=DBCBCCCCAACDBCB
AABCCCCCCCCAABC+AABBCAAACACAABB=DBCBCAAACACDBCB
AABCCCCCCCCAABC+AABBCCAACACAABB=DBCBCCAACACDBCB
AABCCCCCCCCAABC+AABBCACACACAABB=DBCBCACACACDBCB
AABCCCCCCCCAABC+AABBCCCACACAABB=DBCBCCCACACDBCB
AABCCCCCCCCAABC+AABBCAACCACAABB=DBCBCAACCACDBCB
AABCCCCCCCCAABC+AABBCCACCACAABB=DBCBCCACCACDBCB
AABCCCCCCCCAABC+AABBCACCCACAABB=DBCBCACCCACDBCB
AABCCCCCCCCAABC+AABBCCCCCACAABB=DBCBCCCCCACDBCB
AABCCCCCCCCAABC+AABBCAAAACCAABB=DBCBCAAAACCDBCB
AABCCCCCCCCAABC+AABBCCAAACCAABB=DBCBCCAAACCDBCB
AABCCCCCCCCAABC+AABBCACAACCAABB=DBCBCACAACCDBCB
AABCCCCCCCCAABC+AABBCCCAACCAABB=DBCBCCCAACCDBCB
AABCCCCCCCCAABC+AABBCAACACCAABB=DBCBCAACACCDBCB
AABCCCCCCCCAABC+AABBCCACACCAABB=DBCBCCACACCDBCB
AABCCCCCCCCAABC+AABBCACCACCAABB=DBCBCACCACCDBCB
AABCCCCCCCCAABC+AABBCCCCACCAABB=DBCBCCCCACCDBCB
AABCCCCCCCCAABC+AABBCAAACCCAABB=DBCBCAAACCCDBCB
AABCCCCCCCCAABC+AABBCCAACCCAABB=DBCBCCAACCCDBCB
AABCCCCCCCCAABC+AABBCACACCCAABB=DBCBCACACCCDBCB
AABCCCCCCCCAABC+AABBCCCACCCAABB=DBCBCCCACCCDBCB
AABCCCCCCCCAABC+AABBCAACCCCAABB=DBCBCAACCCCDBCB
AABCCCCCCCCAABC+AABBCCACCCCAABB=DBCBCCACCCCDBCB
AABCCCCCCCCAABC+AABBCACCCCCAABB=DBCBCACCCCCDBCB
AABCCCCCCCCAABC+AABBCCCCCCCAABB=DBCBCCCCCCCDBCB
AABCCCCCCCCCAABC+AABBCAAAAAACAABB=DBCBCAAAAAACDBCB
AABCCCCCCCCCAABC+AABBCCAAAAACAABB=DBCBCCAAAAACDBCB
AABCCCCCCCCCAABC+AABBCACAAAACAABB=DBCBCACAAAACDBCB
AABCCCCCCCCCAABC+AABBCCCAAAACAABB=DBCBCCCAAAACDBCB
AABCCCCCCCCCAABC+AABBCAACAAACAABB=DBCBCAACAAACDBCB
AABCCCCCCCCCAABC+AABBCCACAAACAABB=DBCBCCACAAACDBCB
AABCCCCCCCCCAABC+AABBCACCAAACAABB=DBCBCACCAAACDBCB
AABCCCCCCCCCAABC+AABBCCCCAAACAABB=DBCBCCCCAAACDBCB
AABCCCCCCCCCAABC+AABBCAAACAACAABB=DBCBCAAACAACDBCB
AABCCCCCCCCCAABC+AABBCCAACAACAABB=DBCBCCAACAACDBCB
AABCCCCCCCCCAABC+AABBCACACAACAABB=DBCBCACACAACDBCB
AABCCCCCCCCCAABC+AABBCCCACAACAABB=DBCBCCCACAACDBCB
AABCCCCCCCCCAABC+AABBCAACCAACAABB=DBCBCAACCAACDBCB
AABCCCCCCCCCAABC+AABBCCACCAACAABB=DBCBCCACCAACDBCB
AABCCCCCCCCCAABC+AABBCACCCAACAABB=DBCBCACCCAACDBCB
AABCCCCCCCCCAABC+AABBCCCCCAACAABB=DBCBCCCCCAACDBCB
AABCCCCCCCCCAABC+AABBCAAAACACAABB=DBCBCAAAACACDBCB
AABCCCCCCCCCAABC+AABBCCAAACACAABB=DBCBCCAAACACDBCB
AABCCCCCCCCCAABC+AABBCACAACACAABB=DBCBCACAACACDBCB
AABCCCCCCCCCAABC+AABBCCCAACACAABB=DBCBCCCAACACDBCB
AABCCCCCCCCCAABC+AABBCAACACACAABB=DBCBCAACACACDBCB
AABCCCCCCCCCAABC+AABBCCACACACAABB=DBCBCCACACACDBCB
AABCCCCCCCCCAABC+AABBCACCACACAABB=DBCBCACCACACDBCB
AABCCCCCCCCCAABC+AABBCCCCACACAABB=DBCBCCCCACACDBCB
AABCCCCCCCCCAABC+AABBCAAACCACAABB=DBCBCAAACCACDBCB
AABCCCCCCCCCAABC+AABBCCAACCACAABB=DBCBCCAACCACDBCB
AABCCCCCCCCCAABC+AABBCACACCACAABB=DBCBCACACCACDBCB
AABCCCCCCCCCAABC+AABBCCCACCACAABB=DBCBCCCACCACDBCB
AABCCCCCCCCCAABC+AABBCAACCCACAABB=DBCBCAACCCACDBCB
AABCCCCCCCCCAABC+AABBCCACCCACAABB=DBCBCCACCCACDBCB
AABCCCCCCCCCAABC+AABBCACCCCACAABB=DBCBCACCCCACDBCB
AABCCCCCCCCCAABC+AABBCCCCCCACAABB=DBCBCCCCCCACDBCB
AABCCCCCCCCCAABC+AABBCAAAAACCAABB=DBCBCAAAAACCDBCB
AABCCCCCCCCCAABC+AABBCCAAAACCAABB=DBCBCCAAAACCDBCB
AABCCCCCCCCCAABC+AABBCACAAACCAABB=DBCBCACAAACCDBCB
AABCCCCCCCCCAABC+AABBCCCAAACCAABB=DBCBCCCAAACCDBCB
AABCCCCCCCCCAABC+AABBCAACAACCAABB=DBCBCAACAACCDBCB
AABCCCCCCCCCAABC+AABBCCACAACCAABB=DBCBCCACAACCDBCB
AABCCCCCCCCCAABC+AABBCACCAACCAABB=DBCBCACCAACCDBCB
AABCCCCCCCCCAABC+AABBCCCCAACCAABB=DBCBCCCCAACCDBCB
AABCCCCCCCCCAABC+AABBCAAACACCAABB=DBCBCAAACACCDBCB
AABCCCCCCCCCAABC+AABBCCAACACCAABB=DBCBCCAACACCDBCB
AABCCCCCCCCCAABC+AABBCACACACCAABB=DBCBCACACACCDBCB
AABCCCCCCCCCAABC+AABBCCCACACCAABB=DBCBCCCACACCDBCB
AABCCCCCCCCCAABC+AABBCAACCACCAABB=DBCBCAACCACCDBCB
AABCCCCCCCCCAABC+AABBCCACCACCAABB=DBCBCCACCACCDBCB
AABCCCCCCCCCAABC+AABBCACCCACCAABB=DBCBCACCCACCDBCB
AABCCCCCCCCCAABC+AABBCCCCCACCAABB=DBCBCCCCCACCDBCB
AABCCCCCCCCCAABC+AABBCAAAACCCAABB=DBCBCAAAACCCDBCB
AABCCCCCCCCCAABC+AABBCCAAACCCAABB=DBCBCCAAACCCDBCB
AABCCCCCCCCCAABC+AABBCACAACCCAABB=DBCBCACAACCCDBCB
AABCCCCCCCCCAABC+AABBCCCAACCCAABB=DBCBCCCAACCCDBCB
AABCCCCCCCCCAABC+AABBCAACACCCAABB=DBCBCAACACCCDBCB
AABCCCCCCCCCAABC+AABBCCACACCCAABB=DBCBCCACACCCDBCB
AABCCCCCCCCCAABC+AABBCACCACCCAABB=DBCBCACCACCCDBCB
AABCCCCCCCCCAABC+AABBCCCCACCCAABB=DBCBCCCCACCCDBCB
AABCCCCCCCCCAABC+AABBCAAACCCCAABB=DBCBCAAACCCCDBCB
AABCCCCCCCCCAABC+AABBCCAACCCCAABB=DBCBCCAACCCCDBCB
AABCCCCCCCCCAABC+AABBCACACCCCAABB=DBCBCACACCCCDBCB
AABCCCCCCCCCAABC+AABBCCCACCCCAABB=DBCBCCCACCCCDBCB
AABCCCCCCCCCAABC+AABBCAACCCCCAABB=DBCBCAACCCCCDBCB
AABCCCCCCCCCAABC+AABBCCACCCCCAABB=DBCBCCACCCCCDBCB
AABCCCCCCCCCAABC+AABBCACCCCCCAABB=DBCBCACCCCCCDBCB
AABCCCCCCCCCAABC+AABBCCCCCCCCAABB=DBCBCCCCCCCCDBCB
AABCCCCCCCCCCAABC+AABBCAAAAAAACAABB=DBCBCAAAAAAACDBCB
AABCCCCCCCCCCAABC+AABBCCAAAAAACAABB=DBCBCCAAAAAACDBCB
AABCCCCCCCCCCAABC+AABBCACAAAAACAABB=DBCBCACAAAAACDBCB
AABCCCCCCCCCCAABC+AABBCCCAAAAACAABB=DBCBCCCAAAAACDBCB
AABCCCCCCCCCCAABC+AABBCAACAAAACAABB=DBCBCAACAAAACDBCB
AABCCCCCCCCCCAABC+AABBCCACAAAACAABB=DBCBCCACAAAACDBCB
AABCCCCCCCCCCAABC+AABBCACCAAAACAABB=DBCBCACCAAAACDBCB
AABCCCCCCCCCCAABC+AABBCCCCAAAACAABB=DBCBCCCCAAAACDBCB
AABCCCCCCCCCCAABC+AABBCAAACAAACAABB=DBCBCAAACAAACDBCB
AABCCCCCCCCCCAABC+AABBCCAACAAACAABB=DBCBCCAACAAACDBCB
AABCCCCCCCCCCAABC+AABBCACACAAACAABB=DBCBCACACAAACDBCB
AABCCCCCCCCCCAABC+AABBCCCACAAACAABB=DBCBCCCACAAACDBCB
AABCCCCCCCCCCAABC+AABBCAACCAAACAABB=DBCBCAACCAAACDBCB
AABCCCCCCCCCCAABC+AABBCCACCAAACAABB=DBCBCCACCAAACDBCB
AABCCCCCCCCCCAABC+AABBCACCCAAACAABB=DBCBCACCCAAACDBCB
AABCCCCCCCCCCAABC+AABBCCCCCAAACAABB=DBCBCCCCCAAACDBCB
AABCCCCCCCCCCAABC+AABBCAAAACAACAABB=DBCBCAAAACAACDBCB
AABCCCCCCCCCCAABC+AABBCCAAACAACAABB=DBCBCCAAACAACDBCB
AABCCCCCCCCCCAABC+AABBCACAACAACAABB=DBCBCACAACAACDBCB
AABCCCCCCCCCCAABC+AABBCCCAACAACAABB=DBCBCCCAACAACDBCB
AABCCCCCCCCCCAABC+AABBCAACACAACAABB=DBCBCAACACAACDBCB
AABCCCCCCCCCCAABC+AABBCCACACAACAABB=DBCBCCACACAACDBCB
AABCCCCCCCCCCAABC+AABBCACCACAACAABB=DBCBCACCACAACDBCB
AABCCCCCCCCCCAABC+AABBCCCCACAACAABB=DBCBCCCCACAACDBCB
AABCCCCCCCCCCAABC+AABBCAAACCAACAABB=DBCBCAAACCAACDBCB
AABCCCCCCCCCCAABC+AABBCCAACCAACAABB=DBCBCCAACCAACDBCB
AABCCCCCCCCCCAABC+AABBCACACCAACAABB=DBCBCACACCAACDBCB
AABCCCCCCCCCCAABC+AABBCCCACCAACAABB=DBCBCCCACCAACDBCB
AABCCCCCCCCCCAABC+AABBCAACCCAACAABB=DBCBCAACCCAACDBCB
AABCCCCCCCCCCAABC+AABBCCACCCAACAABB=DBCBCCACCCAACDBCB
AABCCCCCCCCCCAABC+AABBCACCCCAACAABB=DBCBCACCCCAACDBCB
AABCCCCCCCCCCAABC+AABBCCCCCCAACAABB=DBCBCCCCCCAACDBCB
AABCCCCCCCCCCAABC+AABBCAAAAACACAABB=DBCBCAAAAACACDBCB
AABCCCCCCCCCCAABC+AABBCCAAAACACAABB=DBCBCCAAAACACDBCB
AABCCCCCCCCCCAABC+AABBCACAAACACAABB=DBCBCACAAACACDBCB
AABCCCCCCCCCCAABC+AABBCCCAAACACAABB=DBCBCCCAAACACDBCB
AABCCCCCCCCCCAABC+AABBCAACAACACAABB=DBCBCAACAACACDBCB
AABCCCCCCCCCCAABC+AABBCCACAACACAABB=DBCBCCACAACACDBCB
AABCCCCCCCCCCAABC+AABBCACCAACACAABB=DBCBCACCAACACDBCB
AABCCCCCCCCCCAABC+AABBCCCCAACACAABB=DBCBCCCCAACACDBCB
AABCCCCCCCCCCAABC+AABBCAAACACACAABB=DBCBCAAACACACDBCB
AABCCCCCCCCCCAABC+AABBCCAACACACAABB=DBCBCCAACACACDBCB
AABCCCCCCCCCCAABC+AABBCACACACACAABB=DBCBCACACACACDBCB
AABCCCCCCCCCCAABC+AABBCCCACACACAABB=DBCBCCCACACACDBCB
AABCCCCCCCCCCAABC+AABBCAACCACACAABB=DBCBCAACCACACDBCB
AABCCCCCCCCCCAABC+AABBCCACCACACAABB=DBCBCCACCACACDBCB
AABCCCCCCCCCCAABC+AABBCACCCACACAABB=DBCBCACCCACACDBCB
AABCCCCCCCCCCAABC+AABBCCCCCACACAABB=DBCBCCCCCACACDBCB
AABCCCCCCCCCCAABC+AABBCAAAACCACAABB=DBCBCAAAACCACDBCB
AABCCCCCCCCCCAABC+AABBCCAAACCACAABB=DBCBCCAAACCACDBCB
AABCCCCCCCCCCAABC+AABBCACAACCACAABB=DBCBCACAACCACDBCB
AABCCCCCCCCCCAABC+AABBCCCAACCACAABB=DBCBCCCAACCACDBCB
AABCCCCCCCCCCAABC+AABBCAACACCACAABB=DBCBCAACACCACDBCB
AABCCCCCCCCCCAABC+AABBCCACACCACAABB=DBCBCCACACCACDBCB
AABCCCCCCCCCCAABC+AABBCACCACCACAABB=DBCBCACCACCACDBCB
AABCCCCCCCCCCAABC+AABBCCCCACCACAABB=DBCBCCCCACCACDBCB
AABCCCCCCCCCCAABC+AABBCAAACCCACAABB=DBCBCAAACCCACDBCB
AABCCCCCCCCCCAABC+AABBCCAACCCACAABB=DBCBCCAACCCACDBCB
AABCCCCCCCCCCAABC+AABBCACACCCACAABB=DBCBCACACCCACDBCB
AABCCCCCCCCCCAABC+AABBCCCACCCACAABB=DBCBCCCACCCACDBCB
AABCCCCCCCCCCAABC+AABBCAACCCCACAABB=DBCBCAACCCCACDBCB
AABCCCCCCCCCCAABC+AABBCCACCCCACAABB=DBCBCCACCCCACDBCB
AABCCCCCCCCCCAABC+AABBCACCCCCACAABB=DBCBCACCCCCACDBCB
AABCCCCCCCCCCAABC+AABBCCCCCCCACAABB=DBCBCCCCCCCACDBCB
AABCCCCCCCCCCAABC+AABBCAAAAAACCAABB=DBCBCAAAAAACCDBCB
AABCCCCCCCCCCAABC+AABBCCAAAAACCAABB=DBCBCCAAAAACCDBCB
AABCCCCCCCCCCAABC+AABBCACAAAACCAABB=DBCBCACAAAACCDBCB
AABCCCCCCCCCCAABC+AABBCCCAAAACCAABB=DBCBCCCAAAACCDBCB
AABCCCCCCCCCCAABC+AABBCAACAAACCAABB=DBCBCAACAAACCDBCB
AABCCCCCCCCCCAABC+AABBCCACAAACCAABB=DBCBCCACAAACCDBCB
AABCCCCCCCCCCAABC+AABBCACCAAACCAABB=DBCBCACCAAACCDBCB
AABCCCCCCCCCCAABC+AABBCCCCAAACCAABB=DBCBCCCCAAACCDBCB
AABCCCCCCCCCCAABC+AABBCAAACAACCAABB=DBCBCAAACAACCDBCB
AABCCCCCCCCCCAABC+AABBCCAACAACCAABB=DBCBCCAACAACCDBCB
AABCCCCCCCCCCAABC+AABBCACACAACCAABB=DBCBCACACAACCDBCB
AABCCCCCCCCCCAABC+AABBCCCACAACCAABB=DBCBCCCACAACCDBCB
AABCCCCCCCCCCAABC+AABBCAACCAACCAABB=DBCBCAACCAACCDBCB
AABCCCCCCCCCCAABC+AABBCCACCAACCAABB=DBCBCCACCAACCDBCB
AABCCCCCCCCCCAABC+AABBCACCCAACCAABB=DBCBCACCCAACCDBCB
AABCCCCCCCCCCAABC+AABBCCCCCAACCAABB=DBCBCCCCCAACCDBCB
AABCCCCCCCCCCAABC+AABBCAAAACACCAABB=DBCBCAAAACACCDBCB
AABCCCCCCCCCCAABC+AABBCCAAACACCAABB=DBCBCCAAACACCDBCB
AABCCCCCCCCCCAABC+AABBCACAACACCAABB=DBCBCACAACACCDBCB
AABCCCCCCCCCCAABC+AABBCCCAACACCAABB=DBCBCCCAACACCDBCB
AABCCCCCCCCCCAABC+AABBCAACACACCAABB=DBCBCAACACACCDBCB
AABCCCCCCCCCCAABC+AABBCCACACACCAABB=DBCBCCACACACCDBCB
AABCCCCCCCCCCAABC+AABBCACCACACCAABB=DBCBCACCACACCDBCB
AABCCCCCCCCCCAABC+AABBCCCCACACCAABB=DBCBCCCCACACCDBCB
AABCCCCCCCCCCAABC+AABBCAAACCACCAABB=DBCBCAAACCACCDBCB
AABCCCCCCCCCCAABC+AABBCCAACCACCAABB=DBCBCCAACCACCDBCB
AABCCCCCCCCCCAABC+AABBCACACCACCAABB=DBCBCACACCACCDBCB
AABCCCCCCCCCCAABC+AABBCCCACCACCAABB=DBCBCCCACCACCDBCB
AABCCCCCCCCCCAABC+AABBCAACCCACCAABB=DBCBCAACCCACCDBCB
AABCCCCCCCCCCAABC+AABBCCACCCACCAABB=DBCBCCACCCACCDBCB
AABCCCCCCCCCCAABC+AABBCACCCCACCAABB=DBCBCACCCCACCDBCB
AABCCCCCCCCCCAABC+AABBCCCCCCACCAABB=DBCBCCCCCCACCDBCB
AABCCCCCCCCCCAABC+AABBCAAAAACCCAABB=DBCBCAAAAACCCDBCB
AABCCCCCCCCCCAABC+AABBCCAAAACCCAABB=DBCBCCAAAACCCDBCB
AABCCCCCCCCCCAABC+AABBCACAAACCCAABB=DBCBCACAAACCCDBCB
AABCCCCCCCCCCAABC+AABBCCCAAACCCAABB=DBCBCCCAAACCCDBCB
AABCCCCCCCCCCAABC+AABBCAACAACCCAABB=DBCBCAACAACCCDBCB
AABCCCCCCCCCCAABC+AABBCCACAACCCAABB=DBCBCCACAACCCDBCB
AABCCCCCCCCCCAABC+AABBCACCAACCCAABB=DBCBCACCAACCCDBCB
AABCCCCCCCCCCAABC+AABBCCCCAACCCAABB=DBCBCCCCAACCCDBCB
AABCCCCCCCCCCAABC+AABBCAAACACCCAABB=DBCBCAAACACCCDBCB
AABCCCCCCCCCCAABC+AABBCCAACACCCAABB=DBCBCCAACACCCDBCB
AABCCCCCCCCCCAABC+AABBCACACACCCAABB=DBCBCACACACCCDBCB
AABCCCCCCCCCCAABC+AABBCCCACACCCAABB=DBCBCCCACACCCDBCB
AABCCCCCCCCCCAABC+AABBCAACCACCCAABB=DBCBCAACCACCCDBCB
AABCCCCCCCCCCAABC+AABBCCACCACCCAABB=DBCBCCACCACCCDBCB
AABCCCCCCCCCCAABC+AABBCACCCACCCAABB=DBCBCACCCACCCDBCB
AABCCCCCCCCCCAABC+AABBCCCCCACCCAABB=DBCBCCCCCACCCDBCB
AABCCCCCCCCCCAABC+AABBCAAAACCCCAABB=DBCBCAAAACCCCDBCB
AABCCCCCCCCCCAABC+AABBCCAAACCCCAABB=DBCBCCAAACCCCDBCB
AABCCCCCCCCCCAABC+AABBCACAACCCCAABB=DBCBCACAACCCCDBCB
AABCCCCCCCCCCAABC+AABBCCCAACCCCAABB=DBCBCCCAACCCCDBCB
AABCCCCCCCCCCAABC+AABBCAACACCCCAABB=DBCBCAACACCCCDBCB
AABCCCCCCCCCCAABC+AABBCCACACCCCAABB=DBCBCCACACCCCDBCB
AABCCCCCCCCCCAABC+AABBCACCACCCCAABB=DBCBCACCACCCCDBCB
AABCCCCCCCCCCAABC+AABBCCCCACCCCAABB=DBCBCCCCACCCCDBCB
AABCCCCCCCCCCAABC+AABBCAAACCCCCAABB=DBCBCAAACCCCCDBCB
AABCCCCCCCCCCAABC+AABBCCAACCCCCAABB=DBCBCCAACCCCCDBCB
AABCCCCCCCCCCAABC+AABBCACACCCCCAABB=DBCBCACACCCCCDBCB
AABCCCCCCCCCCAABC+AABBCCCACCCCCAABB=DBCBCCCACCCCCDBCB
AABCCCCCCCCCCAABC+AABBCAACCCCCCAABB=DBCBCAACCCCCCDBCB
AABCCCCCCCCCCAABC+AABBCCACCCCCCAABB=DBCBCCACCCCCCDBCB
AABCCCCCCCCCCAABC+AABBCACCCCCCCAABB=DBCBCACCCCCCCDBCB
AABCCCCCCCCCCAABC+AABBCCCCCCCCCAABB=DBCBCCCCCCCCCDBCB
AABCCCCCCCCCCCAABC+AABBCAAAAAAAACAABB=DBCBCAAAAAAAACDBCB
AABCCCCCCCCCCCAABC+AABBCCAAAAAAACAABB=DBCBCCAAAAAAACDBCB
AABCCCCCCCCCCCAABC+AABBCACAAAAAACAABB=DBCBCACAAAAAACDBCB
AABCCCCCCCCCCCAABC+AABBCCCAAAAAACAABB=DBCBCCCAAAAAACDBCB
AABCCCCCCCCCCCAABC+AABBCAACAAAAACAABB=DBCBCAACAAAAACDBCB
AABCCCCCCCCCCCAABC+AABBCCACAAAAACAABB=DBCBCCACAAAAACDBCB
AABCCCCCCCCCCCAABC+AABBCACCAAAAACAABB=DBCBCACCAAAAACDBCB
AABCCCCCCCCCCCAABC+AABBCCCCAAAAACAABB=DBCBCCCCAAAAACDBCB
AABCCCCCCCCCCCAABC+AABBCAAACAAAACAABB=DBCBCAAACAAAACDBCB
AABCCCCCCCCCCCAABC+AABBCCAACAAAACAABB=DBCBCCAACAAAACDBCB
AABCCCCCCCCCCCAABC+AABBCACACAAAACAABB=DBCBCACACAAAACDBCB
AABCCCCCCCCCCCAABC+AABBCCCACAAAACAABB=DBCBCCCACAAAACDBCB
AABCCCCCCCCCCCAABC+AABBCAACCAAAACAABB=DBCBCAACCAAAACDBCB
AABCCCCCCCCCCCAABC+AABBCCACCAAAACAABB=DBCBCCACCAAAACDBCB
AABCCCCCCCCCCCAABC+AABBCACCCAAAACAABB=DBCBCACCCAAAACDBCB
AABCCCCCCCCCCCAABC+AABBCCCCCAAAACAABB=DBCBCCCCCAAAACDBCB
AABCCCCCCCCCCCAABC+AABBCAAAACAAACAABB=DBCBCAAAACAAACDBCB
AABCCCCCCCCCCCAABC+AABBCCAAACAAACAABB=DBCBCCAAACAAACDBCB
AABCCCCCCCCCCCAABC+AABBCACAACAAACAABB=DBCBCACAACAAACDBCB
AABCCCCCCCCCCCAABC+AABBCCCAACAAACAABB=DBCBCCCAACAAACDBCB
AABCCCCCCCCCCCAABC+AABBCAACACAAACAABB=DBCBCAACACAAACDBCB
AABCCCCCCCCCCCAABC+AABBCCACACAAACAABB=DBCBCCACACAAACDBCB
AABCCCCCCCCCCCAABC+AABBCACCACAAACAABB=DBCBCACCACAAACDBCB
AABCCCCCCCCCCCAABC+AABBCCCCACAAACAABB=DBCBCCCCACAAACDBCB
AABCCCCCCCCCCCAABC+AABBCAAACCAAACAABB=DBCBCAAACCAAACDBCB
AABCCCCCCCCCCCAABC+AABBCCAACCAAACAABB=DBCBCCAACCAAACDBCB
AABCCCCCCCCCCCAABC+AABBCACACCAAACAABB=DBCBCACACCAAACDBCB
AABCCCCCCCCCCCAABC+AABBCCCACCAAACAABB=DBCBCCCACCAAACDBCB
AABCCCCCCCCCCCAABC+AABBCAACCCAAACAABB=DBCBCAACCCAAACDBCB
AABCCCCCCCCCCCAABC+AABBCCACCCAAACAABB=DBCBCCACCCAAACDBCB
AABCCCCCCCCCCCAABC+AABBCACCCCAAACAABB=DBCBCACCCCAAACDBCB
AABCCCCCCCCCCCAABC+AABBCCCCCCAAACAABB=DBCBCCCCCCAAACDBCB
AABCCCCCCCCCCCAABC+AABBCAAAAACAACAABB=DBCBCAAAAACAACDBCB
AABCCCCCCCCCCCAABC+AABBCCAAAACAACAABB=DBCBCCAAAACAACDBCB
AABCCCCCCCCCCCAABC+AABBCACAAACAACAABB=DBCBCACAAACAACDBCB
AABCCCCCCCCCCCAABC+AABBCCCAAACAACAABB=DBCBCCCAAACAACDBCB
AABCCCCCCCCCCCAABC+AABBCAACAACAACAABB=DBCBCAACAACAACDBCB
AABCCCCCCCCCCCAABC+AABBCCACAACAACAABB=DBCBCCACAACAACDBCB
AABCCCCCCCCCCCAABC+AABBCACCAACAACAABB=DBCBCACCAACAACDBCB
AABCCCCCCCCCCCAABC+AABBCCCCAACAACAABB=DBCBCCCCAACAACDBCB
AABCCCCCCCCCCCAABC+AABBCAAACACAACAABB=DBCBCAAACACAACDBCB
AABCCCCCCCCCCCAABC+AABBCCAACACAACAABB=DBCBCCAACACAACDBCB
AABCCCCCCCCCCCAABC+AABBCACACACAACAABB=DBCBCACACACAACDBCB
AABCCCCCCCCCCCAABC+AABBCCCACACAACAABB=DBCBCCCACACAACDBCB
AABCCCCCCCCCCCAABC+AABBCAACCACAACAABB=DBCBCAACCACAACDBCB
AABCCCCCCCCCCCAABC+AABBCCACCACAACAABB=DBCBCCACCACAACDBCB
AABCCCCCCCCCCCAABC+AABBCACCCACAACAABB=DBCBCACCCACAACDBCB
AABCCCCCCCCCCCAABC+AABBCCCCCACAACAABB=DBCBCCCCCACAACDBCB
AABCCCCCCCCCCCAABC+AABBCAAAACCAACAABB=DBCBCAAAACCAACDBCB
AABCCCCCCCCCCCAABC+AABBCCAAACCAACAABB=DBCBCCAAACCAACDBCB
AABCCCCCCCCCCCAABC+AABBCACAACCAACAABB=DBCBCACAACCAACDBCB
AABCCCCCCCCCCCAABC+AABBCCCAACCAACAABB=DBCBCCCAACCAACDBCB
AABCCCCCCCCCCCAABC+AABBCAACACCAACAABB=DBCBCAACACCAACDBCB
AABCCCCCCCCCCCAABC+AABBCCACACCAACAABB=DBCBCCACACCAACDBCB
AABCCCCCCCCCCCAABC+AABBCACCACCAACAABB=DBCBCACCACCAACDBCB
AABCCCCCCCCCCCAABC+AABBCCCCACCAACAABB=DBCBCCCCACCAACDBCB
AABCCCCCCCCCCCAABC+AABBCAAACCCAACAABB=DBCBCAAACCCAACDBCB
AABCCCCCCCCCCCAABC+AABBCCAACCCAACAABB=DBCBCCAACCCAACDBCB
AABCCCCCCCCCCCAABC+AABBCACACCCAACAABB=DBCBCACACCCAACDBCB
AABCCCCCCCCCCCAABC+AABBCCCACCCAACAABB=DBCBCCCACCCAACDBCB
AABCCCCCCCCCCCAABC+AABBCAACCCCAACAABB=DBCBCAACCCCAACDBCB
AABCCCCCCCCCCCAABC+AABBCCACCCCAACAABB=DBCBCCACCCCAACDBCB
AABCCCCCCCCCCCAABC+AABBCACCCCCAACAABB=DBCBCACCCCCAACDBCB
AABCCCCCCCCCCCAABC+AABBCCCCCCCAACAABB=DBCBCCCCCCCAACDBCB
AABCCCCCCCCCCCAABC+AABBCAAAAAACACAABB=DBCBCAAAAAACACDBCB
AABCCCCCCCCCCCAABC+AABBCCAAAAACACAABB=DBCBCCAAAAACACDBCB
AABCCCCCCCCCCCAABC+AABBCACAAAACACAABB=DBCBCACAAAACACDBCB
AABCCCCCCCCCCCAABC+AABBCCCAAAACACAABB=DBCBCCCAAAACACDBCB
AABCCCCCCCCCCCAABC+AABBCAACAAACACAABB=DBCBCAACAAACACDBCB
AABCCCCCCCCCCCAABC+AABBCCACAAACACAABB=DBCBCCACAAACACDBCB
AABCCCCCCCCCCCAABC+AABBCACCAAACACAABB=DBCBCACCAAACACDBCB
AABCCCCCCCCCCCAABC+AABBCCCCAAACACAABB=DBCBCCCCAAACACDBCB
AABCCCCCCCCCCCAABC+AABBCAAACAACACAABB=DBCBCAAACAACACDBCB
AABCCCCCCCCCCCAABC+AABBCCAACAACACAABB=DBCBCCAACAACACDBCB
AABCCCCCCCCCCCAABC+AABBCACACAACACAABB=DBCBCACACAACACDBCB
AABCCCCCCCCCCCAABC+AABBCCCACAACACAABB=DBCBCCCACAACACDBCB
AABCCCCCCCCCCCAABC+AABBCAACCAACACAABB=DBCBCAACCAACACDBCB
AABCCCCCCCCCCCAABC+AABBCCACCAACACAABB=DBCBCCACCAACACDBCB
AABCCCCCCCCCCCAABC+AABBCACCCAACACAABB=DBCBCACCCAACACDBCB
AABCCCCCCCCCCCAABC+AABBCCCCCAACACAABB=DBCBCCCCCAACACDBCB
AABCCCCCCCCCCCAABC+AABBCAAAACACACAABB=DBCBCAAAACACACDBCB
AABCCCCCCCCCCCAABC+AABBCCAAACACACAABB=DBCBCCAAACACACDBCB
AABCCCCCCCCCCCAABC+AABBCACAACACACAABB=DBCBCACAACACACDBCB
AABCCCCCCCCCCCAABC+AABBCCCAACACACAABB=DBCBCCCAACACACDBCB
AABCCCCCCCCCCCAABC+AABBCAACACACACAABB=DBCBCAACACACACDBCB
AABCCCCCCCCCCCAABC+AABBCCACACACACAABB=DBCBCCACACACACDBCB
AABCCCCCCCCCCCAABC+AABBCACCACACACAABB=DBCBCACCACACACDBCB
AABCCCCCCCCCCCAABC+AABBCCCCACACACAABB=DBCBCCCCACACACDBCB
AABCCCCCCCCCCCAABC+AABBCAAACCACACAABB=DBCBCAAACCACACDBCB
AABCCCCCCCCCCCAABC+AABBCCAACCACACAABB=DBCBCCAACCACACDBCB
AABCCCCCCCCCCCAABC+AABBCACACCACACAABB=DBCBCACACCACACDBCB
AABCCCCCCCCCCCAABC+AABBCCCACCACACAABB=DBCBCCCACCACACDBCB
AABCCCCCCCCCCCAABC+AABBCAACCCACACAABB=DBCBCAACCCACACDBCB
AABCCCCCCCCCCCAABC+AABBCCACCCACACAABB=DBCBCCACCCACACDBCB
AABCCCCCCCCCCCAABC+AABBCACCCCACACAABB=DBCBCACCCCACACDBCB
AABCCCCCCCCCCCAABC+AABBCCCCCCACACAABB=DBCBCCCCCCACACDBCB
AABCCCCCCCCCCCAABC+AABBCAAAAACCACAABB=DBCBCAAAAACCACDBCB
AABCCCCCCCCCCCAABC+AABBCCAAAACCACAABB=DBCBCCAAAACCACDBCB
AABCCCCCCCCCCCAABC+AABBCACAAACCACAABB=DBCBCACAAACCACDBCB
AABCCCCCCCCCCCAABC+AABBCCCAAACCACAABB=DBCBCCCAAACCACDBCB
AABCCCCCCCCCCCAABC+AABBCAACAACCACAABB=DBCBCAACAACCACDBCB
AABCCCCCCCCCCCAABC+AABBCCACAACCACAABB=DBCBCCACAACCACDBCB
AABCCCCCCCCCCCAABC+AABBCACCAACCACAABB=DBCBCACCAACCACDBCB
AABCCCCCCCCCCCAABC+AABBCCCCAACCACAABB=DBCBCCCCAACCACDBCB
AABCCCCCCCCCCCAABC+AABBCAAACACCACAABB=DBCBCAAACACCACDBCB
AABCCCCCCCCCCCAABC+AABBCCAACACCACAABB=DBCBCCAACACCACDBCB
AABCCCCCCCCCCCAABC+AABBCACACACCACAABB=DBCBCACACACCACDBCB
AABCCCCCCCCCCCAABC+AABBCCCACACCACAABB=DBCBCCCACACCACDBCB
AABCCCCCCCCCCCAABC+AABBCAACCACCACAABB=DBCBCAACCACCACDBCB
AABCCCCCCCCCCCAABC+AABBCCACCACCACAABB=DBCBCCACCACCACDBCB
AABCCCCCCCCCCCAABC+AABBCACCCACCACAABB=DBCBCACCCACCACDBCB
AABCCCCCCCCCCCAABC+AABBCCCCCACCACAABB=DBCBCCCCCACCACDBCB
AABCCCCCCCCCCCAABC+AABBCAAAACCCACAABB=DBCBCAAAACCCACDBCB
AABCCCCCCCCCCCAABC+AABBCCAAACCCACAABB=DBCBCCAAACCCACDBCB
AABCCCCCCCCCCCAABC+AABBCACAACCCACAABB=DBCBCACAACCCACDBCB
AABCCCCCCCCCCCAABC+AABBCCCAACCCACAABB=DBCBCCCAACCCACDBCB
AABCCCCCCCCCCCAABC+AABBCAACACCCACAABB=DBCBCAACACCCACDBCB
AABCCCCCCCCCCCAABC+AABBCCACACCCACAABB=DBCBCCACACCCACDBCB
AABCCCCCCCCCCCAABC+AABBCACCACCCACAABB=DBCBCACCACCCACDBCB
AABCCCCCCCCCCCAABC+AABBCCCCACCCACAABB=DBCBCCCCACCCACDBCB
AABCCCCCCCCCCCAABC+AABBCAAACCCCACAABB=DBCBCAAACCCCACDBCB
AABCCCCCCCCCCCAABC+AABBCCAACCCCACAABB=DBCBCCAACCCCACDBCB
AABCCCCCCCCCCCAABC+AABBCACACCCCACAABB=DBCBCACACCCCACDBCB
AABCCCCCCCCCCCAABC+AABBCCCACCCCACAABB=DBCBCCCACCCCACDBCB
AABCCCCCCCCCCCAABC+AABBCAACCCCCACAABB=DBCBCAACCCCCACDBCB
AABCCCCCCCCCCCAABC+AABBCCACCCCCACAABB=DBCBCCACCCCCACDBCB
AABCCCCCCCCCCCAABC+AABBCACCCCCCACAABB=DBCBCACCCCCCACDBCB
AABCCCCCCCCCCCAABC+AABBCCCCCCCCACAABB=DBCBCCCCCCCCACDBCB
AABCCCCCCCCCCCAABC+AABBCAAAAAAACCAABB=DBCBCAAAAAAACCDBCB
AABCCCCCCCCCCCAABC+AABBCCAAAAAACCAABB=DBCBCCAAAAAACCDBCB
AABCCCCCCCCCCCAABC+AABBCACAAAAACCAABB=DBCBCACAAAAACCDBCB
AABCCCCCCCCCCCAABC+AABBCCCAAAAACCAABB=DBCBCCCAAAAACCDBCB
AABCCCCCCCCCCCAABC+AABBCAACAAAACCAABB=DBCBCAACAAAACCDBCB
AABCCCCCCCCCCCAABC+AABBCCACAAAACCAABB=DBCBCCACAAAACCDBCB
AABCCCCCCCCCCCAABC+AABBCACCAAAACCAABB=DBCBCACCAAAACCDBCB
AABCCCCCCCCCCCAABC+AABBCCCCAAAACCAABB=DBCBCCCCAAAACCDBCB
AABCCCCCCCCCCCAABC+AABBCAAACAAACCAABB=DBCBCAAACAAACCDBCB
AABCCCCCCCCCCCAABC+AABBCCAACAAACCAABB=DBCBCCAACAAACCDBCB
AABCCCCCCCCCCCAABC+AABBCACACAAACCAABB=DBCBCACACAAACCDBCB
AABCCCCCCCCCCCAABC+AABBCCCACAAACCAABB=DBCBCCCACAAACCDBCB
AABCCCCCCCCCCCAABC+AABBCAACCAAACCAABB=DBCBCAACCAAACCDBCB
AABCCCCCCCCCCCAABC+AABBCCACCAAACCAABB=DBCBCCACCAAACCDBCB
AABCCCCCCCCCCCAABC+AABBCACCCAAACCAABB=DBCBCACCCAAACCDBCB
AABCCCCCCCCCCCAABC+AABBCCCCCAAACCAABB=DBCBCCCCCAAACCDBCB
AABCCCCCCCCCCCAABC+AABBCAAAACAACCAABB=DBCBCAAAACAACCDBCB
AABCCCCCCCCCCCAABC+AABBCCAAACAACCAABB=DBCBCCAAACAACCDBCB
AABCCCCCCCCCCCAABC+AABBCACAACAACCAABB=DBCBCACAACAACCDBCB
AABCCCCCCCCCCCAABC+AABBCCCAACAACCAABB=DBCBCCCAACAACCDBCB
AABCCCCCCCCCCCAABC+AABBCAACACAACCAABB=DBCBCAACACAACCDBCB
AABCCCCCCCCCCCAABC+AABBCCACACAACCAABB=DBCBCCACACAACCDBCB
AABCCCCCCCCCCCAABC+AABBCACCACAACCAABB=DBCBCACCACAACCDBCB
AABCCCCCCCCCCCAABC+AABBCCCCACAACCAABB=DBCBCCCCACAACCDBCB
AABCCCCCCCCCCCAABC+AABBCAAACCAACCAABB=DBCBCAAACCAACCDBCB
AABCCCCCCCCCCCAABC+AABBCCAACCAACCAABB=DBCBCCAACCAACCDBCB
AABCCCCCCCCCCCAABC+AABBCACACCAACCAABB=DBCBCACACCAACCDBCB
AABCCCCCCCCCCCAABC+AABBCCCACCAACCAABB=DBCBCCCACCAACCDBCB
AABCCCCCCCCCCCAABC+AABBCAACCCAACCAABB=DBCBCAACCCAACCDBCB
AABCCCCCCCCCCCAABC+AABBCCACCCAACCAABB=DBCBCCACCCAACCDBCB
AABCCCCCCCCCCCAABC+AABBCACCCCAACCAABB=DBCBCACCCCAACCDBCB
AABCCCCCCCCCCCAABC+AABBCCCCCCAACCAABB=DBCBCCCCCCAACCDBCB
AABCCCCCCCCCCCAABC+AABBCAAAAACACCAABB=DBCBCAAAAACACCDBCB
AABCCCCCCCCCCCAABC+AABBCCAAAACACCAABB=DBCBCCAAAACACCDBCB
AABCCCCCCCCCCCAABC+AABBCACAAACACCAABB=DBCBCACAAACACCDBCB
AABCCCCCCCCCCCAABC+AABBCCCAAACACCAABB=DBCBCCCAAACACCDBCB
AABCCCCCCCCCCCAABC+AABBCAACAACACCAABB=DBCBCAACAACACCDBCB
AABCCCCCCCCCCCAABC+AABBCCACAACACCAABB=DBCBCCACAACACCDBCB
AABCCCCCCCCCCCAABC+AABBCACCAACACCAABB=DBCBCACCAACACCDBCB
AABCCCCCCCCCCCAABC+AABBCCCCAACACCAABB=DBCBCCCCAACACCDBCB
AABCCCCCCCCCCCAABC+AABBCAAACACACCAABB=DBCBCAAACACACCDBCB
AABCCCCCCCCCCCAABC+AABBCCAACACACCAABB=DBCBCCAACACACCDBCB
AABCCCCCCCCCCCAABC+AABBCACACACACCAABB=DBCBCACACACACCDBCB
AABCCCCCCCCCCCAABC+AABBCCCACACACCAABB=DBCBCCCACACACCDBCB
AABCCCCCCCCCCCAABC+AABBCAACCACACCAABB=DBCBCAACCACACCDBCB
AABCCCCCCCCCCCAABC+AABBCCACCACACCAABB=DBCBCCACCACACCDBCB
AABCCCCCCCCCCCAABC+AABBCACCCACACCAABB=DBCBCACCCACACCDBCB
AABCCCCCCCCCCCAABC+AABBCCCCCACACCAABB=DBCBCCCCCACACCDBCB
AABCCCCCCCCCCCAABC+AABBCAAAACCACCAABB=DBCBCAAAACCACCDBCB
AABCCCCCCCCCCCAABC+AABBCCAAACCACCAABB=DBCBCCAAACCACCDBCB
AABCCCCCCCCCCCAABC+AABBCACAACCACCAABB=DBCBCACAACCACCDBCB
AABCCCCCCCCCCCAABC+AABBCCCAACCACCAABB=DBCBCCCAACCACCDBCB
AABCCCCCCCCCCCAABC+AABBCAACACCACCAABB=DBCBCAACACCACCDBCB
AABCCCCCCCCCCCAABC+AABBCCACACCACCAABB=DBCBCCACACCACCDBCB
AABCCCCCCCCCCCAABC+AABBCACCACCACCAABB=DBCBCACCACCACCDBCB
AABCCCCCCCCCCCAABC+AABBCCCCACCACCAABB=DBCBCCCCACCACCDBCB
AABCCCCCCCCCCCAABC+AABBCAAACCCACCAABB=DBCBCAAACCCACCDBCB
AABCCCCCCCCCCCAABC+AABBCCAACCCACCAABB=DBCBCCAACCCACCDBCB
AABCCCCCCCCCCCAABC+AABBCACACCCACCAABB=DBCBCACACCCACCDBCB
AABCCCCCCCCCCCAABC+AABBCCCACCCACCAABB=DBCBCCCACCCACCDBCB
AABCCCCCCCCCCCAABC+AABBCAACCCCACCAABB=DBCBCAACCCCACCDBCB
AABCCCCCCCCCCCAABC+AABBCCACCCCACCAABB=DBCBCCACCCCACCDBCB
AABCCCCCCCCCCCAABC+AABBCACCCCCACCAABB=DBCBCACCCCCACCDBCB
AABCCCCCCCCCCCAABC+AABBCCCCCCCACCAABB=DBCBCCCCCCCACCDBCB
AABCCCCCCCCCCCAABC+AABBCAAAAAACCCAABB=DBCBCAAAAAACCCDBCB
AABCCCCCCCCCCCAABC+AABBCCAAAAACCCAABB=DBCBCCAAAAACCCDBCB
AABCCCCCCCCCCCAABC+AABBCACAAAACCCAABB=DBCBCACAAAACCCDBCB
AABCCCCCCCCCCCAABC+AABBCCCAAAACCCAABB=DBCBCCCAAAACCCDBCB
AABCCCCCCCCCCCAABC+AABBCAACAAACCCAABB=DBCBCAACAAACCCDBCB
AABCCCCCCCCCCCAABC+AABBCCACAAACCCAABB=DBCBCCACAAACCCDBCB
AABCCCCCCCCCCCAABC+AABBCACCAAACCCAABB=DBCBCACCAAACCCDBCB
AABCCCCCCCCCCCAABC+AABBCCCCAAACCCAABB=DBCBCCCCAAACCCDBCB
AABCCCCCCCCCCCAABC+AABBCAAACAACCCAABB=DBCBCAAACAACCCDBCB
AABCCCCCCCCCCCAABC+AABBCCAACAACCCAABB=DBCBCCAACAACCCDBCB
AABCCCCCCCCCCCAABC+AABBCACACAACCCAABB=DBCBCACACAACCCDBCB
AABCCCCCCCCCCCAABC+AABBCCCACAACCCAABB=DBCBCCCACAACCCDBCB
AABCCCCCCCCCCCAABC+AABBCAACCAACCCAABB=DBCBCAACCAACCCDBCB
AABCCCCCCCCCCCAABC+AABBCCACCAACCCAABB=DBCBCCACCAACCCDBCB
AABCCCCCCCCCCCAABC+AABBCACCCAACCCAABB=DBCBCACCCAACCCDBCB
AABCCCCCCCCCCCAABC+AABBCCCCCAACCCAABB=DBCBCCCCCAACCCDBCB
AABCCCCCCCCCCCAABC+AABBCAAAACACCCAABB=DBCBCAAAACACCCDBCB
AABCCCCCCCCCCCAABC+AABBCCAAACACCCAABB=DBCBCCAAACACCCDBCB
AABCCCCCCCCCCCAABC+AABBCACAACACCCAABB=DBCBCACAACACCCDBCB
AABCCCCCCCCCCCAABC+AABBCCCAACACCCAABB=DBCBCCCAACACCCDBCB
AABCCCCCCCCCCCAABC+AABBCAACACACCCAABB=DBCBCAACACACCCDBCB
AABCCCCCCCCCCCAABC+AABBCCACACACCCAABB=DBCBCCACACACCCDBCB
AABCCCCCCCCCCCAABC+AABBCACCACACCCAABB=DBCBCACCACACCCDBCB
AABCCCCCCCCCCCAABC+AABBCCCCACACCCAABB=DBCBCCCCACACCCDBCB
AABCCCCCCCCCCCAABC+AABBCAAACCACCCAABB=DBCBCAAACCACCCDBCB
AABCCCCCCCCCCCAABC+AABBCCAACCACCCAABB=DBCBCCAACCACCCDBCB
AABCCCCCCCCCCCAABC+AABBCACACCACCCAABB=DBCBCACACCACCCDBCB
AABCCCCCCCCCCCAABC+AABBCCCACCACCCAABB=DBCBCCCACCACCCDBCB
AABCCCCCCCCCCCAABC+AABBCAACCCACCCAABB=DBCBCAACCCACCCDBCB
AABCCCCCCCCCCCAABC+AABBCCACCCACCCAABB=DBCBCCACCCACCCDBCB
AABCCCCCCCCCCCAABC+AABBCACCCCACCCAABB=DBCBCACCCCACCCDBCB
AABCCCCCCCCCCCAABC+AABBCCCCCCACCCAABB=DBCBCCCCCCACCCDBCB
AABCCCCCCCCCCCAABC+AABBCAAAAACCCCAABB=DBCBCAAAAACCCCDBCB
AABCCCCCCCCCCCAABC+AABBCCAAAACCCCAABB=DBCBCCAAAACCCCDBCB
AABCCCCCCCCCCCAABC+AABBCACAAACCCCAABB=DBCBCACAAACCCCDBCB
AABCCCCCCCCCCCAABC+AABBCCCAAACCCCAABB=DBCBCCCAAACCCCDBCB
AABCCCCCCCCCCCAABC+AABBCAACAACCCCAABB=DBCBCAACAACCCCDBCB
AABCCCCCCCCCCCAABC+AABBCCACAACCCCAABB=DBCBCCACAACCCCDBCB
AABCCCCCCCCCCCAABC+AABBCACCAACCCCAABB=DBCBCACCAACCCCDBCB
AABCCCCCCCCCCCAABC+AABBCCCCAACCCCAABB=DBCBCCCCAACCCCDBCB
AABCCCCCCCCCCCAABC+AABBCAAACACCCCAABB=DBCBCAAACACCCCDBCB
AABCCCCCCCCCCCAABC+AABBCCAACACCCCAABB=DBCBCCAACACCCCDBCB
AABCCCCCCCCCCCAABC+AABBCACACACCCCAABB=DBCBCACACACCCCDBCB
AABCCCCCCCCCCCAABC+AABBCCCACACCCCAABB=DBCBCCCACACCCCDBCB
AABCCCCCCCCCCCAABC+AABBCAACCACCCCAABB=DBCBCAACCACCCCDBCB
AABCCCCCCCCCCCAABC+AABBCCACCACCCCAABB=DBCBCCACCACCCCDBCB
AABCCCCCCCCCCCAABC+AABBCACCCACCCCAABB=DBCBCACCCACCCCDBCB
AABCCCCCCCCCCCAABC+AABBCCCCCACCCCAABB=DBCBCCCCCACCCCDBCB
AABCCCCCCCCCCCAABC+AABBCAAAACCCCCAABB=DBCBCAAAACCCCCDBCB
AABCCCCCCCCCCCAABC+AABBCCAAACCCCCAABB=DBCBCCAAACCCCCDBCB
AABCCCCCCCCCCCAABC+AABBCACAACCCCCAABB=DBCBCACAACCCCCDBCB
AABCCCCCCCCCCCAABC+AABBCCCAACCCCCAABB=DBCBCCCAACCCCCDBCB
AABCCCCCCCCCCCAABC+AABBCAACACCCCCAABB=DBCBCAACACCCCCDBCB
AABCCCCCCCCCCCAABC+AABBCCACACCCCCAABB=DBCBCCACACCCCCDBCB
AABCCCCCCCCCCCAABC+AABBCACCACCCCCAABB=DBCBCACCACCCCCDBCB
AABCCCCCCCCCCCAABC+AABBCCCCACCCCCAABB=DBCBCCCCACCCCCDBCB
AABCCCCCCCCCCCAABC+AABBCAAACCCCCCAABB=DBCBCAAACCCCCCDBCB
AABCCCCCCCCCCCAABC+AABBCCAACCCCCCAABB=DBCBCCAACCCCCCDBCB
AABCCCCCCCCCCCAABC+AABBCACACCCCCCAABB=DBCBCACACCCCCCDBCB
AABCCCCCCCCCCCAABC+AABBCCCACCCCCCAABB=DBCBCCCACCCCCCDBCB
AABCCCCCCCCCCCAABC+AABBCAACCCCCCCAABB=DBCBCAACCCCCCCDBCB
AABCCCCCCCCCCCAABC+AABBCCACCCCCCCAABB=DBCBCCACCCCCCCDBCB
AABCCCCCCCCCCCAABC+AABBCACCCCCCCCAABB=DBCBCACCCCCCCCDBCB
AABCCCCCCCCCCCAABC+AABBCCCCCCCCCCAABB=DBCBCCCCCCCCCCDBCB
AABCCCCCCCCCCCCAABC+AABBCAAAAAAAAACAABB=DBCBCAAAAAAAAACDBCB
AABCCCCCCCCCCCCAABC+AABBCCAAAAAAAACAABB=DBCBCCAAAAAAAACDBCB
AABCCCCCCCCCCCCAABC+AABBCACAAAAAAACAABB=DBCBCACAAAAAAACDBCB
AABCCCCCCCCCCCCAABC+AABBCCCAAAAAAACAABB=DBCBCCCAAAAAAACDBCB
AABCCCCCCCCCCCCAABC+AABBCAACAAAAAACAABB=DBCBCAACAAAAAACDBCB
AABCCCCCCCCCCCCAABC+AABBCCACAAAAAACAABB=DBCBCCACAAAAAACDBCB
AABCCCCCCCCCCCCAABC+AABBCACCAAAAAACAABB=DBCBCACCAAAAAACDBCB
AABCCCCCCCCCCCCAABC+AABBCCCCAAAAAACAABB=DBCBCCCCAAAAAACDBCB
AABCCCCCCCCCCCCAABC+AABBCAAACAAAAACAABB=DBCBCAAACAAAAACDBCB
AABCCCCCCCCCCCCAABC+AABBCCAACAAAAACAABB=DBCBCCAACAAAAACDBCB
AABCCCCCCCCCCCCAABC+AABBCACACAAAAACAABB=DBCBCACACAAAAACDBCB
AABCCCCCCCCCCCCAABC+AABBCCCACAAAAACAABB=DBCBCCCACAAAAACDBCB
AABCCCCCCCCCCCCAABC+AABBCAACCAAAAACAABB=DBCBCAACCAAAAACDBCB
AABCCCCCCCCCCCCAABC+AABBCCACCAAAAACAABB=DBCBCCACCAAAAACDBCB
AABCCCCCCCCCCCCAABC+AABBCACCCAAAAACAABB=DBCBCACCCAAAAACDBCB
AABCCCCCCCCCCCCAABC+AABBCCCCCAAAAACAABB=DBCBCCCCCAAAAACDBCB
AABCCCCCCCCCCCCAABC+AABBCAAAACAAAACAABB=DBCBCAAAACAAAACDBCB
AABCCCCCCCCCCCCAABC+AABBCCAAACAAAACAABB=DBCBCCAAACAAAACDBCB
AABCCCCCCCCCCCCAABC+AABBCACAACAAAACAABB=DBCBCACAACAAAACDBCB
AABCCCCCCCCCCCCAABC+AABBCCCAACAAAACAABB=DBCBCCCAACAAAACDBCB
AABCCCCCCCCCCCCAABC+AABBCAACACAAAACAABB=DBCBCAACACAAAACDBCB
AABCCCCCCCCCCCCAABC+AABBCCACACAAAACAABB=DBCBCCACACAAAACDBCB
AABCCCCCCCCCCCCAABC+AABBCACCACAAAACAABB=DBCBCACCACAAAACDBCB
AABCCCCCCCCCCCCAABC+AABBCCCCACAAAACAABB=DBCBCCCCACAAAACDBCB
AABCCCCCCCCCCCCAABC+AABBCAAACCAAAACAABB=DBCBCAAACCAAAACDBCB
AABCCCCCCCCCCCCAABC+AABBCCAACCAAAACAABB=DBCBCCAACCAAAACDBCB
AABCCCCCCCCCCCCAABC+AABBCACACCAAAACAABB=DBCBCACACCAAAACDBCB
AABCCCCCCCCCCCCAABC+AABBCCCACCAAAACAABB=DBCBCCCACCAAAACDBCB
AABCCCCCCCCCCCCAABC+AABBCAACCCAAAACAABB=DBCBCAACCCAAAACDBCB
AABCCCCCCCCCCCCAABC+AABBCCACCCAAAACAABB=DBCBCCACCCAAAACDBCB
AABCCCCCCCCCCCCAABC+AABBCACCCCAAAACAABB=DBCBCACCCCAAAACDBCB
AABCCCCCCCCCCCCAABC+AABBCCCCCCAAAACAABB=DBCBCCCCCCAAAACDBCB
AABCCCCCCCCCCCCAABC+AABBCAAAAACAAACAABB=DBCBCAAAAACAAACDBCB
AABCCCCCCCCCCCCAABC+AABBCCAAAACAAACAABB=DBCBCCAAAACAAACDBCB
AABCCCCCCCCCCCCAABC+AABBCACAAACAAACAABB=DBCBCACAAACAAACDBCB
AABCCCCCCCCCCCCAABC+AABBCCCAAACAAACAABB=DBCBCCCAAACAAACDBCB
AABCCCCCCCCCCCCAABC+AABBCAACAACAAACAABB=DBCBCAACAACAAACDBCB
AABCCCCCCCCCCCCAABC+AABBCCACAACAAACAABB=DBCBCCACAACAAACDBCB
AABCCCCCCCCCCCCAABC+AABBCACCAACAAACAABB=DBCBCACCAACAAACDBCB
AABCCCCCCCCCCCCAABC+AABBCCCCAACAAACAABB=DBCBCCCCAACAAACDBCB
AABCCCCCCCCCCCCAABC+AABBCAAACACAAACAABB=DBCBCAAACACAAACDBCB
AABCCCCCCCCCCCCAABC+AABBCCAACACAAACAABB=DBCBCCAACACAAACDBCB
AABCCCCCCCCCCCCAABC+AABBCACACACAAACAABB=DBCBCACACACAAACDBCB
AABCCCCCCCCCCCCAABC+AABBCCCACACAAACAABB=DBCBCCCACACAAACDBCB
AABCCCCCCCCCCCCAABC+AABBCAACCACAAACAABB=DBCBCAACCACAAACDBCB
AABCCCCCCCCCCCCAABC+AABBCCACCACAAACAABB=DBCBCCACCACAAACDBCB
AABCCCCCCCCCCCCAABC+AABBCACCCACAAACAABB=DBCBCACCCACAAACDBCB
AABCCCCCCCCCCCCAABC+AABBCCCCCACAAACAABB=DBCBCCCCCACAAACDBCB
AABCCCCCCCCCCCCAABC+AABBCAAAACCAAACAABB=DBCBCAAAACCAAACDBCB
AABCCCCCCCCCCCCAABC+AABBCCAAACCAAACAABB=DBCBCCAAACCAAACDBCB
AABCCCCCCCCCCCCAABC+AABBCACAACCAAACAABB=DBCBCACAACCAAACDBCB
AABCCCCCCCCCCCCAABC+AABBCCCAACCAAACAABB=DBCBCCCAACCAAACDBCB
AABCCCCCCCCCCCCAABC+AABBCAACACCAAACAABB=DBCBCAACACCAAACDBCB
AABCCCCCCCCCCCCAABC+AABBCCACACCAAACAABB=DBCBCCACACCAAACDBCB
AABCCCCCCCCCCCCAABC+AABBCACCACCAAACAABB=DBCBCACCACCAAACDBCB
AABCCCCCCCCCCCCAABC+AABBCCCCACCAAACAABB=DBCBCCCCACCAAACDBCB
AABCCCCCCCCCCCCAABC+AABBCAAACCCAAACAABB=DBCBCAAACCCAAACDBCB
AABCCCCCCCCCCCCAABC+AABBCCAACCCAAACAABB=DBCBCCAACCCAAACDBCB
AABCCCCCCCCCCCCAABC+AABBCACACCCAAACAABB=DBCBCACACCCAAACDBCB
AABCCCCCCCCCCCCAABC+AABBCCCACCCAAACAABB=DBCBCCCACCCAAACDBCB
AABCCCCCCCCCCCCAABC+AABBCAACCCCAAACAABB=DBCBCAACCCCAAACDBCB
AABCCCCCCCCCCCCAABC+AABBCCACCCCAAACAABB=DBCBCCACCCCAAACDBCB
AABCCCCCCCCCCCCAABC+AABBCACCCCCAAACAABB=DBCBCACCCCCAAACDBCB
AABCCCCCCCCCCCCAABC+AABBCCCCCCCAAACAABB=DBCBCCCCCCCAAACDBCB
AABCCCCCCCCCCCCAABC+AABBCAAAAAACAACAABB=DBCBCAAAAAACAACDBCB
AABCCCCCCCCCCCCAABC+AABBCCAAAAACAACAABB=DBCBCCAAAAACAACDBCB
AABCCCCCCCCCCCCAABC+AABBCACAAAACAACAABB=DBCBCACAAAACAACDBCB
AABCCCCCCCCCCCCAABC+AABBCCCAAAACAACAABB=DBCBCCCAAAACAACDBCB
AABCCCCCCCCCCCCAABC+AABBCAACAAACAACAABB=DBCBCAACAAACAACDBCB
AABCCCCCCCCCCCCAABC+AABBCCACAAACAACAABB=DBCBCCACAAACAACDBCB
AABCCCCCCCCCCCCAABC+AABBCACCAAACAACAABB=DBCBCACCAAACAACDBCB
AABCCCCCCCCCCCCAABC+AABBCCCCAAACAACAABB=DBCBCCCCAAACAACDBCB
AABCCCCCCCCCCCCAABC+AABBCAAACAACAACAABB=DBCBCAAACAACAACDBCB
AABCCCCCCCCCCCCAABC+AABBCCAACAACAACAABB=DBCBCCAACAACAACDBCB
AABCCCCCCCCCCCCAABC+AABBCACACAACAACAABB=DBCBCACACAACAACDBCB
AABCCCCCCCCCCCCAABC+AABBCCCACAACAACAABB=DBCBCCCACAACAACDBCB
AABCCCCCCCCCCCCAABC+AABBCAACCAACAACAABB=DBCBCAACCAACAACDBCB
AABCCCCCCCCCCCCAABC+AABBCCACCAACAACAABB=DBCBCCACCAACAACDBCB
AABCCCCCCCCCCCCAABC+AABBCACCCAACAACAABB=DBCBCACCCAACAACDBCB
AABCCCCCCCCCCCCAABC+AABBCCCCCAACAACAABB=DBCBCCCCCAACAACDBCB
AABCCCCCCCCCCCCAABC+AABBCAAAACACAACAABB=DBCBCAAAACACAACDBCB
AABCCCCCCCCCCCCAABC+AABBCCAAACACAACAABB=DBCBCCAAACACAACDBCB
AABCCCCCCCCCCCCAABC+AABBCACAACACAACAABB=DBCBCACAACACAACDBCB
AABCCCCCCCCCCCCAABC+AABBCCCAACACAACAABB=DBCBCCCAACACAACDBCB
AABCCCCCCCCCCCCAABC+AABBCAACACACAACAABB=DBCBCAACACACAACDBCB
AABCCCCCCCCCCCCAABC+AABBCCACACACAACAABB=DBCBCCACACACAACDBCB
AABCCCCCCCCCCCCAABC+AABBCACCACACAACAABB=DBCBCACCACACAACDBCB
AABCCCCCCCCCCCCAABC+AABBCCCCACACAACAABB=DBCBCCCCACACAACDBCB
AABCCCCCCCCCCCCAABC+AABBCAAACCACAACAABB=DBCBCAAACCACAACDBCB
AABCCCCCCCCCCCCAABC+AABBCCAACCACAACAABB=DBCBCCAACCACAACDBCB
AABCCCCCCCCCCCCAABC+AABBCACACCACAACAABB=DBCBCACACCACAACDBCB
AABCCCCCCCCCCCCAABC+AABBCCCACCACAACAABB=DBCBCCCACCACAACDBCB
AABCCCCCCCCCCCCAABC+AABBCAACCCACAACAABB=DBCBCAACCCACAACDBCB
AABCCCCCCCCCCCCAABC+AABBCCACCCACAACAABB=DBCBCCACCCACAACDBCB
AABCCCCCCCCCCCCAABC+AABBCACCCCACAACAABB=DBCBCACCCCACAACDBCB
AABCCCCCCCCCCCCAABC+AABBCCCCCCACAACAABB=DBCBCCCCCCACAACDBCB
AABCCCCCCCCCCCCAABC+AABBCAAAAACCAACAABB=DBCBCAAAAACCAACDBCB
AABCCCCCCCCCCCCAABC+AABBCCAAAACCAACAABB=DBCBCCAAAACCAACDBCB
AABCCCCCCCCCCCCAABC+AABBCACAAACCAACAABB=DBCBCACAAACCAACDBCB
AABCCCCCCCCCCCCAABC+AABBCCCAAACCAACAABB=DBCBCCCAAACCAACDBCB
AABCCCCCCCCCCCCAABC+AABBCAACAACCAACAABB=DBCBCAACAACCAACDBCB
AABCCCCCCCCCCCCAABC+AABBCCACAACCAACAABB=DBCBCCACAACCAACDBCB
AABCCCCCCCCCCCCAABC+AABBCACCAACCAACAABB=DBCBCACCAACCAACDBCB
AABCCCCCCCCCCCCAABC+AABBCCCCAACCAACAABB=DBCBCCCCAACCAACDBCB
AABCCCCCCCCCCCCAABC+AABBCAAACACCAACAABB=DBCBCAAACACCAACDBCB
AABCCCCCCCCCCCCAABC+AABBCCAACACCAACAABB=DBCBCCAACACCAACDBCB
AABCCCCCCCCCCCCAABC+AABBCACACACCAACAABB=DBCBCACACACCAACDBCB
AABCCCCCCCCCCCCAABC+AABBCCCACACCAACAABB=DBCBCCCACACCAACDBCB
AABCCCCCCCCCCCCAABC+AABBCAACCACCAACAABB=DBCBCAACCACCAACDBCB
AABCCCCCCCCCCCCAABC+AABBCCACCACCAACAABB=DBCBCCACCACCAACDBCB
AABCCCCCCCCCCCCAABC+AABBCACCCACCAACAABB=DBCBCACCCACCAACDBCB
AABCCCCCCCCCCCCAABC+AABBCCCCCACCAACAABB=DBCBCCCCCACCAACDBCB
AABCCCCCCCCCCCCAABC+AABBCAAAACCCAACAABB=DBCBCAAAACCCAACDBCB
AABCCCCCCCCCCCCAABC+AABBCCAAACCCAACAABB=DBCBCCAAACCCAACDBCB
AABCCCCCCCCCCCCAABC+AABBCACAACCCAACAABB=DBCBCACAACCCAACDBCB
AABCCCCCCCCCCCCAABC+AABBCCCAACCCAACAABB=DBCBCCCAACCCAACDBCB
AABCCCCCCCCCCCCAABC+AABBCAACACCCAACAABB=DBCBCAACACCCAACDBCB
AABCCCCCCCCCCCCAABC+AABBCCACACCCAACAABB=DBCBCCACACCCAACDBCB
AABCCCCCCCCCCCCAABC+AABBCACCACCCAACAABB=DBCBCACCACCCAACDBCB
AABCCCCCCCCCCCCAABC+AABBCCCCACCCAACAABB=DBCBCCCCACCCAACDBCB
AABCCCCCCCCCCCCAABC+AABBCAAACCCCAACAABB=DBCBCAAACCCCAACDBCB
AABCCCCCCCCCCCCAABC+AABBCCAACCCCAACAABB=DBCBCCAACCCCAACDBCB
AABCCCCCCCCCCCCAABC+AABBCACACCCCAACAABB=DBCBCACACCCCAACDBCB
AABCCCCCCCCCCCCAABC+AABBCCCACCCCAACAABB=DBCBCCCACCCCAACDBCB
AABCCCCCCCCCCCCAABC+AABBCAACCCCCAACAABB=DBCBCAACCCCCAACDBCB
AABCCCCCCCCCCCCAABC+AABBCCACCCCCAACAABB=DBCBCCACCCCCAACDBCB
AABCCCCCCCCCCCCAABC+AABBCACCCCCCAACAABB=DBCBCACCCCCCAACDBCB
AABCCCCCCCCCCCCAABC+AABBCCCCCCCCAACAABB=DBCBCCCCCCCCAACDBCB
AABCCCCCCCCCCCCAABC+AABBCAAAAAAACACAABB=DBCBCAAAAAAACACDBCB
AABCCCCCCCCCCCCAABC+AABBCCAAAAAACACAABB=DBCBCCAAAAAACACDBCB
AABCCCCCCCCCCCCAABC+AABBCACAAAAACACAABB=DBCBCACAAAAACACDBCB
AABCCCCCCCCCCCCAABC+AABBCCCAAAAACACAABB=DBCBCCCAAAAACACDBCB
AABCCCCCCCCCCCCAABC+AABBCAACAAAACACAABB=DBCBCAACAAAACACDBCB
AABCCCCCCCCCCCCAABC+AABBCCACAAAACACAABB=DBCBCCACAAAACACDBCB
AABCCCCCCCCCCCCAABC+AABBCACCAAAACACAABB=DBCBCACCAAAACACDBCB
AABCCCCCCCCCCCCAABC+AABBCCCCAAAACACAABB=DBCBCCCCAAAACACDBCB
AABCCCCCCCCCCCCAABC+AABBCAAACAAACACAABB=DBCBCAAACAAACACDBCB
AABCCCCCCCCCCCCAABC+AABBCCAACAAACACAABB=DBCBCCAACAAACACDBCB
AABCCCCCCCCCCCCAABC+AABBCACACAAACACAABB=DBCBCACACAAACACDBCB
AABCCCCCCCCCCCCAABC+AABBCCCACAAACACAABB=DBCBCCCACAAACACDBCB
AABCCCCCCCCCCCCAABC+AABBCAACCAAACACAABB=DBCBCAACCAAACACDBCB
AABCCCCCCCCCCCCAABC+AABBCCACCAAACACAABB=DBCBCCACCAAACACDBCB
AABCCCCCCCCCCCCAABC+AABBCACCCAAACACAABB=DBCBCACCCAAACACDBCB
AABCCCCCCCCCCCCAABC+AABBCCCCCAAACACAABB=DBCBCCCCCAAACACDBCB
AABCCCCCCCCCCCCAABC+AABBCAAAACAACACAABB=DBCBCAAAACAACACDBCB
AABCCCCCCCCCCCCAABC+AABBCCAAACAACACAABB=DBCBCCAAACAACACDBCB
AABCCCCCCCCCCCCAABC+AABBCACAACAACACAABB=DBCBCACAACAACACDBCB
AABCCCCCCCCCCCCAABC+AABBCCCAACAACACAABB=DBCBCCCAACAACACDBCB
AABCCCCCCCCCCCCAABC+AABBCAACACAACACAABB=DBCBCAACACAACACDBCB
AABCCCCCCCCCCCCAABC+AABBCCACACAACACAABB=DBCBCCACACAACACDBCB
AABCCCCCCCCCCCCAABC+AABBCACCACAACACAABB=DBCBCACCACAACACDBCB
AABCCCCCCCCCCCCAABC+AABBCCCCACAACACAABB=DBCBCCCCACAACACDBCB
AABCCCCCCCCCCCCAABC+AABBCAAACCAACACAABB=DBCBCAAACCAACACDBCB
AABCCCCCCCCCCCCAABC+AABBCCAACCAACACAABB=DBCBCCAACCAACACDBCB
AABCCCCCCCCCCCCAABC+AABBCACACCAACACAABB=DBCBCACACCAACACDBCB
AABCCCCCCCCCCCCAABC+AABBCCCACCAACACAABB=DBCBCCCACCAACACDBCB
AABCCCCCCCCCCCCAABC+AABBCAACCCAACACAABB=DBCBCAACCCAACACDBCB
AABCCCCCCCCCCCCAABC+AABBCCACCCAACACAABB=DBCBCCACCCAACACDBCB
AABCCCCCCCCCCCCAABC+AABBCACCCCAACACAABB=DBCBCACCCCAACACDBCB
AABCCCCCCCCCCCCAABC+AABBCCCCCCAACACAABB=DBCBCCCCCCAACACDBCB
AABCCCCCCCCCCCCAABC+AABBCAAAAACACACAABB=DBCBCAAAAACACACDBCB
AABCCCCCCCCCCCCAABC+AABBCCAAAACACACAABB=DBCBCCAAAACACACDBCB
AABCCCCCCCCCCCCAABC+AABBCACAAACACACAABB=DBCBCACAAACACACDBCB
AABCCCCCCCCCCCCAABC+AABBCCCAAACACACAABB=DBCBCCCAAACACACDBCB
AABCCCCCCCCCCCCAABC+AABBCAACAACACACAABB=DBCBCAACAACACACDBCB
AABCCCCCCCCCCCCAABC+AABBCCACAACACACAABB=DBCBCCACAACACACDBCB
AABCCCCCCCCCCCCAABC+AABBCACCAACACACAABB=DBCBCACCAACACACDBCB
AABCCCCCCCCCCCCAABC+AABBCCCCAACACACAABB=DBCBCCCCAACACACDBCB
AABCCCCCCCCCCCCAABC+AABBCAAACACACACAABB=DBCBCAAACACACACDBCB
AABCCCCCCCCCCCCAABC+AABBCCAACACACACAABB=DBCBCCAACACACACDBCB
AABCCCCCCCCCCCCAABC+AABBCACACACACACAABB=DBCBCACACACACACDBCB
AABCCCCCCCCCCCCAABC+AABBCCCACACACACAABB=DBCBCCCACACACACDBCB
AABCCCCCCCCCCCCAABC+AABBCAACCACACACAABB=DBCBCAACCACACACDBCB
AABCCCCCCCCCCCCAABC+AABBCCACCACACACAABB=DBCBCCACCACACACDBCB
AABCCCCCCCCCCCCAABC+AABBCACCCACACACAABB=DBCBCACCCACACACDBCB
AABCCCCCCCCCCCCAABC+AABBCCCCCACACACAABB=DBCBCCCCCACACACDBCB
AABCCCCCCCCCCCCAABC+AABBCAAAACCACACAABB=DBCBCAAAACCACACDBCB
AABCCCCCCCCCCCCAABC+AABBCCAAACCACACAABB=DBCBCCAAACCACACDBCB
AABCCCCCCCCCCCCAABC+AABBCACAACCACACAABB=DBCBCACAACCACACDBCB
AABCCCCCCCCCCCCAABC+AABBCCCAACCACACAABB=DBCBCCCAACCACACDBCB
AABCCCCCCCCCCCCAABC+AABBCAACACCACACAABB=DBCBCAACACCACACDBCB
AABCCCCCCCCCCCCAABC+AABBCCACACCACACAABB=DBCBCCACACCACACDBCB
AABCCCCCCCCCCCCAABC+AABBCACCACCACACAABB=DBCBCACCACCACACDBCB
AABCCCCCCCCCCCCAABC+AABBCCCCACCACACAABB=DBCBCCCCACCACACDBCB
AABCCCCCCCCCCCCAABC+AABBCAAACCCACACAABB=DBCBCAAACCCACACDBCB
AABCCCCCCCCCCCCAABC+AABBCCAACCCACACAABB=DBCBCCAACCCACACDBCB
AABCCCCCCCCCCCCAABC+AABBCACACCCACACAABB=DBCBCACACCCACACDBCB
AABCCCCCCCCCCCCAABC+AABBCCCACCCACACAABB=DBCBCCCACCCACACDBCB
AABCCCCCCCCCCCCAABC+AABBCAACCCCACACAABB=DBCBCAACCCCACACDBCB
AABCCCCCCCCCCCCAABC+AABBCCACCCCACACAABB=DBCBCCACCCCACACDBCB
AABCCCCCCCCCCCCAABC+AABBCACCCCCACACAABB=DBCBCACCCCCACACDBCB
AABCCCCCCCCCCCCAABC+AABBCCCCCCCACACAABB=DBCBCCCCCCCACACDBCB
AABCCCCCCCCCCCCAABC+AABBCAAAAAACCACAABB=DBCBCAAAAAACCACDBCB
AABCCCCCCCCCCCCAABC+AABBCCAAAAACCACAABB=DBCBCCAAAAACCACDBCB
AABCCCCCCCCCCCCAABC+AABBCACAAAACCACAABB=DBCBCACAAAACCACDBCB
AABCCCCCCCCCCCCAABC+AABBCCCAAAACCACAABB=DBCBCCCAAAACCACDBCB
AABCCCCCCCCCCCCAABC+AABBCAACAAACCACAABB=DBCBCAACAAACCACDBCB
AABCCCCCCCCCCCCAABC+AABBCCACAAACCACAABB=DBCBCCACAAACCACDBCB
AABCCCCCCCCCCCCAABC+AABBCACCAAACCACAABB=DBCBCACCAAACCACDBCB
AABCCCCCCCCCCCCAABC+AABBCCCCAAACCACAABB=DBCBCCCCAAACCACDBCB
AABCCCCCCCCCCCCAABC+AABBCAAACAACCACAABB=DBCBCAAACAACCACDBCB
AABCCCCCCCCCCCCAABC+AABBCCAACAACCACAABB=DBCBCCAACAACCACDBCB
AABCCCCCCCCCCCCAABC+AABBCACACAACCACAABB=DBCBCACACAACCACDBCB
AABCCCCCCCCCCCCAABC+AABBCCCACAACCACAABB=DBCBCCCACAACCACDBCB
AABCCCCCCCCCCCCAABC+AABBCAACCAACCACAABB=DBCBCAACCAACCACDBCB
AABCCCCCCCCCCCCAABC+AABBCCACCAACCACAABB=DBCBCCACCAACCACDBCB
AABCCCCCCCCCCCCAABC+AABBCACCCAACCACAABB=DBCBCACCCAACCACDBCB
AABCCCCCCCCCCCCAABC+AABBCCCCCAACCACAABB=DBCBCCCCCAACCACDBCB
AABCCCCCCCCCCCCAABC+AABBCAAAACACCACAABB=DBCBCAAAACACCACDBCB
AABCCCCCCCCCCCCAABC+AABBCCAAACACCACAABB=DBCBCCAAACACCACDBCB
AABCCCCCCCCCCCCAABC+AABBCACAACACCACAABB=DBCBCACAACACCACDBCB
AABCCCCCCCCCCCCAABC+AABBCCCAACACCACAABB=DBCBCCCAACACCACDBCB
AABCCCCCCCCCCCCAABC+AABBCAACACACCACAABB=DBCBCAACACACCACDBCB
AABCCCCCCCCCCCCAABC+AABBCCACACACCACAABB=DBCBCCACACACCACDBCB
AABCCCCCCCCCCCCAABC+AABBCACCACACCACAABB=DBCBCACCACACCACDBCB
AABCCCCCCCCCCCCAABC+AABBCCCCACACCACAABB=DBCBCCCCACACCACDBCB
AABCCCCCCCCCCCCAABC+AABBCAAACCACCACAABB=DBCBCAAACCACCACDBCB
AABCCCCCCCCCCCCAABC+AABBCCAACCACCACAABB=DBCBCCAACCACCACDBCB
AABCCCCCCCCCCCCAABC+AABBCACACCACCACAABB=DBCBCACACCACCACDBCB
AABCCCCCCCCCCCCAABC+AABBCCCACCACCACAABB=DBCBCCCACCACCACDBCB
AABCCCCCCCCCCCCAABC+AABBCAACCCACCACAABB=DBCBCAACCCACCACDBCB
AABCCCCCCCCCCCCAABC+AABBCCACCCACCACAABB=DBCBCCACCCACCACDBCB
AABCCCCCCCCCCCCAABC+AABBCACCCCACCACAABB=DBCBCACCCCACCACDBCB
AABCCCCCCCCCCCCAABC+AABBCCCCCCACCACAABB=DBCBCCCCCCACCACDBCB
AABCCCCCCCCCCCCAABC+AABBCAAAAACCCACAABB=DBCBCAAAAACCCACDBCB
AABCCCCCCCCCCCCAABC+AABBCCAAAACCCACAABB=DBCBCCAAAACCCACDBCB
AABCCCCCCCCCCCCAABC+AABBCACAAACCCACAABB=DBCBCACAAACCCACDBCB
AABCCCCCCCCCCCCAABC+AABBCCCAAACCCACAABB=DBCBCCCAAACCCACDBCB
AABCCCCCCCCCCCCAABC+AABBCAACAACCCACAABB=DBCBCAACAACCCACDBCB
AABCCCCCCCCCCCCAABC+AABBCCACAACCCACAABB=DBCBCCACAACCCACDBCB
AABCCCCCCCCCCCCAABC+AABBCACCAACCCACAABB=DBCBCACCAACCCACDBCB
AABCCCCCCCCCCCCAABC+AABBCCCCAACCCACAABB=DBCBCCCCAACCCACDBCB
AABCCCCCCCCCCCCAABC+AABBCAAACACCCACAABB=DBCBCAAACACCCACDBCB
AABCCCCCCCCCCCCAABC+AABBCCAACACCCACAABB=DBCBCCAACACCCACDBCB
AABCCCCCCCCCCCCAABC+AABBCACACACCCACAABB=DBCBCACACACCCACDBCB
AABCCCCCCCCCCCCAABC+AABBCCCACACCCACAABB=DBCBCCCACACCCACDBCB
AABCCCCCCCCCCCCAABC+AABBCAACCACCCACAABB=DBCBCAACCACCCACDBCB
AABCCCCCCCCCCCCAABC+AABBCCACCACCCACAABB=DBCBCCACCACCCACDBCB
AABCCCCCCCCCCCCAABC+AABBCACCCACCCACAABB=DBCBCACCCACCCACDBCB
AABCCCCCCCCCCCCAABC+AABBCCCCCACCCACAABB=DBCBCCCCCACCCACDBCB
AABCCCCCCCCCCCCAABC+AABBCAAAACCCCACAABB=DBCBCAAAACCCCACDBCB
AABCCCCCCCCCCCCAABC+AABBCCAAACCCCACAABB=DBCBCCAAACCCCACDBCB
AABCCCCCCCCCCCCAABC+AABBCACAACCCCACAABB=DBCBCACAACCCCACDBCB
AABCCCCCCCCCCCCAABC+AABBCCCAACCCCACAABB=DBCBCCCAACCCCACDBCB
AABCCCCCCCCCCCCAABC+AABBCAACACCCCACAABB=DBCBCAACACCCCACDBCB
AABCCCCCCCCCCCCAABC+AABBCCACACCCCACAABB=DBCBCCACACCCCACDBCB
AABCCCCCCCCCCCCAABC+AABBCACCACCCCACAABB=DBCBCACCACCCCACDBCB
AABCCCCCCCCCCCCAABC+AABBCCCCACCCCACAABB=DBCBCCCCACCCCACDBCB
AABCCCCCCCCCCCCAABC+AABBCAAACCCCCACAABB=DBCBCAAACCCCCACDBCB
AABCCCCCCCCCCCCAABC+AABBCCAACCCCCACAABB=DBCBCCAACCCCCACDBCB
AABCCCCCCCCCCCCAABC+AABBCACACCCCCACAABB=DBCBCACACCCCCACDBCB
AABCCCCCCCCCCCCAABC+AABBCCCACCCCCACAABB=DBCBCCCACCCCCACDBCB
AABCCCCCCCCCCCCAABC+AABBCAACCCCCCACAABB=DBCBCAACCCCCCACDBCB
AABCCCCCCCCCCCCAABC+AABBCCACCCCCCACAABB=DBCBCCACCCCCCACDBCB
AABCCCCCCCCCCCCAABC+AABBCACCCCCCCACAABB=DBCBCACCCCCCCACDBCB
AABCCCCCCCCCCCCAABC+AABBCCCCCCCCCACAABB=DBCBCCCCCCCCCACDBCB
AABCCCCCCCCCCCCAABC+AABBCAAAAAAAACCAABB=DBCBCAAAAAAAACCDBCB
AABCCCCCCCCCCCCAABC+AABBCCAAAAAAACCAABB=DBCBCCAAAAAAACCDBCB
AABCCCCCCCCCCCCAABC+AABBCACAAAAAACCAABB=DBCBCACAAAAAACCDBCB
AABCCCCCCCCCCCCAABC+AABBCCCAAAAAACCAABB=DBCBCCCAAAAAACCDBCB
AABCCCCCCCCCCCCAABC+AABBCAACAAAAACCAABB=DBCBCAACAAAAACCDBCB
AABCCCCCCCCCCCCAABC+AABBCCACAAAAACCAABB=DBCBCCACAAAAACCDBCB
AABCCCCCCCCCCCCAABC+AABBCACCAAAAACCAABB=DBCBCACCAAAAACCDBCB
AABCCCCCCCCCCCCAABC+AABBCCCCAAAAACCAABB=DBCBCCCCAAAAACCDBCB
AABCCCCCCCCCCCCAABC+AABBCAAACAAAACCAABB=DBCBCAAACAAAACCDBCB
AABCCCCCCCCCCCCAABC+AABBCCAACAAAACCAABB=DBCBCCAACAAAACCDBCB
AABCCCCCCCCCCCCAABC+AABBCACACAAAACCAABB=DBCBCACACAAAACCDBCB
AABCCCCCCCCCCCCAABC+AABBCCCACAAAACCAABB=DBCBCCCACAAAACCDBCB
AABCCCCCCCCCCCCAABC+AABBCAACCAAAACCAABB=DBCBCAACCAAAACCDBCB
AABCCCCCCCCCCCCAABC+AABBCCACCAAAACCAABB=DBCBCCACCAAAACCDBCB
AABCCCCCCCCCCCCAABC+AABBCACCCAAAACCAABB=DBCBCACCCAAAACCDBCB
AABCCCCCCCCCCCCAABC+AABBCCCCCAAAACCAABB=DBCBCCCCCAAAACCDBCB
AABCCCCCCCCCCCCAABC+AABBCAAAACAAACCAABB=DBCBCAAAACAAACCDBCB
AABCCCCCCCCCCCCAABC+AABBCCAAACAAACCAABB=DBCBCCAAACAAACCDBCB
AABCCCCCCCCCCCCAABC+AABBCACAACAAACCAABB=DBCBCACAACAAACCDBCB
AABCCCCCCCCCCCCAABC+AABBCCCAACAAACCAABB=DBCBCCCAACAAACCDBCB
AABCCCCCCCCCCCCAABC+AABBCAACACAAACCAABB=DBCBCAACACAAACCDBCB
AABCCCCCCCCCCCCAABC+AABBCCACACAAACCAABB=DBCBCCACACAAACCDBCB
AABCCCCCCCCCCCCAABC+AABBCACCACAAACCAABB=DBCBCACCACAAACCDBCB
AABCCCCCCCCCCCCAABC+AABBCCCCACAAACCAABB=DBCBCCCCACAAACCDBCB
AABCCCCCCCCCCCCAABC+AABBCAAACCAAACCAABB=DBCBCAAACCAAACCDBCB
AABCCCCCCCCCCCCAABC+AABBCCAACCAAACCAABB=DBCBCCAACCAAACCDBCB
AABCCCCCCCCCCCCAABC+AABBCACACCAAACCAABB=DBCBCACACCAAACCDBCB
AABCCCCCCCCCCCCAABC+AABBCCCACCAAACCAABB=DBCBCCCACCAAACCDBCB
AABCCCCCCCCCCCCAABC+AABBCAACCCAAACCAABB=DBCBCAACCCAAACCDBCB
AABCCCCCCCCCCCCAABC+AABBCCACCCAAACCAABB=DBCBCCACCCAAACCDBCB
AABCCCCCCCCCCCCAABC+AABBCACCCCAAACCAABB=DBCBCACCCCAAACCDBCB
AABCCCCCCCCCCCCAABC+AABBCCCCCCAAACCAABB=DBCBCCCCCCAAACCDBCB
AABCCCCCCCCCCCCAABC+AABBCAAAAACAACCAABB=DBCBCAAAAACAACCDBCB
AABCCCCCCCCCCCCAABC+AABBCCAAAACAACCAABB=DBCBCCAAAACAACCDBCB
AABCCCCCCCCCCCCAABC+AABBCACAAACAACCAABB=DBCBCACAAACAACCDBCB
AABCCCCCCCCCCCCAABC+AABBCCCAAACAACCAABB=DBCBCCCAAACAACCDBCB
AABCCCCCCCCCCCCAABC+AABBCAACAACAACCAABB=DBCBCAACAACAACCDBCB
AABCCCCCCCCCCCCAABC+AABBCCACAACAACCAABB=DBCBCCACAACAACCDBCB
AABCCCCCCCCCCCCAABC+AABBCACCAACAACCAABB=DBCBCACCAACAACCDBCB
AABCCCCCCCCCCCCAABC+AABBCCCCAACAACCAABB=DBCBCCCCAACAACCDBCB
AABCCCCCCCCCCCCAABC+AABBCAAACACAACCAABB=DBCBCAAACACAACCDBCB
AABCCCCCCCCCCCCAABC+AABBCCAACACAACCAABB=DBCBCCAACACAACCDBCB
AABCCCCCCCCCCCCAABC+AABBCACACACAACCAABB=DBCBCACACACAACCDBCB
AABCCCCCCCCCCCCAABC+AABBCCCACACAACCAABB=DBCBCCCACACAACCDBCB
AABCCCCCCCCCCCCAABC+AABBCAACCACAACCAABB=DBCBCAACCACAACCDBCB
AABCCCCCCCCCCCCAABC+AABBCCACCACAACCAABB=DBCBCCACCACAACCDBCB
AABCCCCCCCCCCCCAABC+AABBCACCCACAACCAABB=DBCBCACCCACAACCDBCB
AABCCCCCCCCCCCCAABC+AABBCCCCCACAACCAABB=DBCBCCCCCACAACCDBCB
AABCCCCCCCCCCCCAABC+AABBCAAAACCAACCAABB=DBCBCAAAACCAACCDBCB
AABCCCCCCCCCCCCAABC+AABBCCAAACCAACCAABB=DBCBCCAAACCAACCDBCB
AABCCCCCCCCCCCCAABC+AABBCACAACCAACCAABB=DBCBCACAACCAACCDBCB
AABCCCCCCCCCCCCAABC+AABBCCCAACCAACCAABB=DBCBCCCAACCAACCDBCB
AABCCCCCCCCCCCCAABC+AABBCAACACCAACCAABB=DBCBCAACACCAACCDBCB
AABCCCCCCCCCCCCAABC+AABBCCACACCAACCAABB=DBCBCCACACCAACCDBCB
AABCCCCCCCCCCCCAABC+AABBCACCACCAACCAABB=DBCBCACCACCAACCDBCB
AABCCCCCCCCCCCCAABC+AABBCCCCACCAACCAABB=DBCBCCCCACCAACCDBCB
AABCCCCCCCCCCCCAABC+AABBCAAACCCAACCAABB=DBCBCAAACCCAACCDBCB
AABCCCCCCCCCCCCAABC+AABBCCAACCCAACCAABB=DBCBCCAACCCAACCDBCB
AABCCCCCCCCCCCCAABC+AABBCACACCCAACCAABB=DBCBCACACCCAACCDBCB
AABCCCCCCCCCCCCAABC+AABBCCCACCCAACCAABB=DBCBCCCACCCAACCDBCB
AABCCCCCCCCCCCCAABC+AABBCAACCCCAACCAABB=DBCBCAACCCCAACCDBCB
AABCCCCCCCCCCCCAABC+AABBCCACCCCAACCAABB=DBCBCCACCCCAACCDBCB
AABCCCCCCCCCCCCAABC+AABBCACCCCCAACCAABB=DBCBCACCCCCAACCDBCB
AABCCCCCCCCCCCCAABC+AABBCCCCCCCAACCAABB=DBCBCCCCCCCAACCDBCB
AABCCCCCCCCCCCCAABC+AABBCAAAAAACACCAABB=DBCBCAAAAAACACCDBCB
AABCCCCCCCCCCCCAABC+AABBCCAAAAACACCAABB=DBCBCCAAAAACACCDBCB
AABCCCCCCCCCCCCAABC+AABBCACAAAACACCAABB=DBCBCACAAAACACCDBCB
AABCCCCCCCCCCCCAABC+AABBCCCAAAACACCAABB=DBCBCCCAAAACACCDBCB
AABCCCCCCCCCCCCAABC+AABBCAACAAACACCAABB=DBCBCAACAAACACCDBCB
AABCCCCCCCCCCCCAABC+AABBCCACAAACACCAABB=DBCBCCACAAACACCDBCB
AABCCCCCCCCCCCCAABC+AABBCACCAAACACCAABB=DBCBCACCAAACACCDBCB
AABCCCCCCCCCCCCAABC+AABBCCCCAAACACCAABB=DBCBCCCCAAACACCDBCB
AABCCCCCCCCCCCCAABC+AABBCAAACAACACCAABB=DBCBCAAACAACACCDBCB
AABCCCCCCCCCCCCAABC+AABBCCAACAACACCAABB=DBCBCCAACAACACCDBCB
AABCCCCCCCCCCCCAABC+AABBCACACAACACCAABB=DBCBCACACAACACCDBCB
AABCCCCCCCCCCCCAABC+AABBCCCACAACACCAABB=DBCBCCCACAACACCDBCB
AABCCCCCCCCCCCCAABC+AABBCAACCAACACCAABB=DBCBCAACCAACACCDBCB
AABCCCCCCCCCCCCAABC+AABBCCACCAACACCAABB=DBCBCCACCAACACCDBCB
AABCCCCCCCCCCCCAABC+AABBCACCCAACACCAABB=DBCBCACCCAACACCDBCB
AABCCCCCCCCCCCCAABC+AABBCCCCCAACACCAABB=DBCBCCCCCAACACCDBCB
AABCCCCCCCCCCCCAABC+AABBCAAAACACACCAABB=DBCBCAAAACACACCDBCB
AABCCCCCCCCCCCCAABC+AABBCCAAACACACCAABB=DBCBCCAAACACACCDBCB
AABCCCCCCCCCCCCAABC+AABBCACAACACACCAABB=DBCBCACAACACACCDBCB
AABCCCCCCCCCCCCAABC+AABBCCCAACACACCAABB=DBCBCCCAACACACCDBCB
AABCCCCCCCCCCCCAABC+AABBCAACACACACCAABB=DBCBCAACACACACCDBCB
AABCCCCCCCCCCCCAABC+AABBCCACACACACCAABB=DBCBCCACACACACCDBCB
AABCCCCCCCCCCCCAABC+AABBCACCACACACCAABB=DBCBCACCACACACCDBCB
AABCCCCCCCCCCCCAABC+AABBCCCCACACACCAABB=DBCBCCCCACACACCDBCB
AABCCCCCCCCCCCCAABC+AABBCAAACCACACCAABB=DBCBCAAACCACACCDBCB
AABCCCCCCCCCCCCAABC+AABBCCAACCACACCAABB=DBCBCCAACCACACCDBCB
AABCCCCCCCCCCCCAABC+AABBCACACCACACCAABB=DBCBCACACCACACCDBCB
AABCCCCCCCCCCCCAABC+AABBCCCACCACACCAABB=DBCBCCCACCACACCDBCB
AABCCCCCCCCCCCCAABC+AABBCAACCCACACCAABB=DBCBCAACCCACACCDBCB
AABCCCCCCCCCCCCAABC+AABBCCACCCACACCAABB=DBCBCCACCCACACCDBCB
AABCCCCCCCCCCCCAABC+AABBCACCCCACACCAABB=DBCBCACCCCACACCDBCB
AABCCCCCCCCCCCCAABC+AABBCCCCCCACACCAABB=DBCBCCCCCCACACCDBCB
AABCCCCCCCCCCCCAABC+AABBCAAAAACCACCAABB=DBCBCAAAAACCACCDBCB
AABCCCCCCCCCCCCAABC+AABBCCAAAACCACCAABB=DBCBCCAAAACCACCDBCB
AABCCCCCCCCCCCCAABC+AABBCACAAACCACCAABB=DBCBCACAAACCACCDBCB
AABCCCCCCCCCCCCAABC+AABBCCCAAACCACCAABB=DBCBCCCAAACCACCDBCB
AABCCCCCCCCCCCCAABC+AABBCAACAACCACCAABB=DBCBCAACAACCACCDBCB
AABCCCCCCCCCCCCAABC+AABBCCACAACCACCAABB=DBCBCCACAACCACCDBCB
AABCCCCCCCCCCCCAABC+AABBCACCAACCACCAABB=DBCBCACCAACCACCDBCB
AABCCCCCCCCCCCCAABC+AABBCCCCAACCACCAABB=DBCBCCCCAACCACCDBCB
AABCCCCCCCCCCCCAABC+AABBCAAACACCACCAABB=DBCBCAAACACCACCDBCB
AABCCCCCCCCCCCCAABC+AABBCCAACACCACCAABB=DBCBCCAACACCACCDBCB
AABCCCCCCCCCCCCAABC+AABBCACACACCACCAABB=DBCBCACACACCACCDBCB
AABCCCCCCCCCCCCAABC+AABBCCCACACCACCAABB=DBCBCCCACACCACCDBCB
AABCCCCCCCCCCCCAABC+AABBCAACCACCACCAABB=DBCBCAACCACCACCDBCB
AABCCCCCCCCCCCCAABC+AABBCCACCACCACCAABB=DBCBCCACCACCACCDBCB
AABCCCCCCCCCCCCAABC+AABBCACCCACCACCAABB=DBCBCACCCACCACCDBCB
AABCCCCCCCCCCCCAABC+AABBCCCCCACCACCAABB=DBCBCCCCCACCACCDBCB
AABCCCCCCCCCCCCAABC+AABBCAAAACCCACCAABB=DBCBCAAAACCCACCDBCB
AABCCCCCCCCCCCCAABC+AABBCCAAACCCACCAABB=DBCBCCAAACCCACCDBCB
AABCCCCCCCCCCCCAABC+AABBCACAACCCACCAABB=DBCBCACAACCCACCDBCB
AABCCCCCCCCCCCCAABC+AABBCCCAACCCACCAABB=DBCBCCCAACCCACCDBCB
AABCCCCCCCCCCCCAABC+AABBCAACACCCACCAABB=DBCBCAACACCCACCDBCB
AABCCCCCCCCCCCCAABC+AABBCCACACCCACCAABB=DBCBCCACACCCACCDBCB
AABCCCCCCCCCCCCAABC+AABBCACCACCCACCAABB=DBCBCACCACCCACCDBCB
AABCCCCCCCCCCCCAABC+AABBCCCCACCCACCAABB=DBCBCCCCACCCACCDBCB
AABCCCCCCCCCCCCAABC+AABBCAAACCCCACCAABB=DBCBCAAACCCCACCDBCB
AABCCCCCCCCCCCCAABC+AABBCCAACCCCACCAABB=DBCBCCAACCCCACCDBCB
AABCCCCCCCCCCCCAABC+AABBCACACCCCACCAABB=DBCBCACACCCCACCDBCB
AABCCCCCCCCCCCCAABC+AABBCCCACCCCACCAABB=DBCBCCCACCCCACCDBCB
AABCCCCCCCCCCCCAABC+AABBCAACCCCCACCAABB=DBCBCAACCCCCACCDBCB
AABCCCCCCCCCCCCAABC+AABBCCACCCCCACCAABB=DBCBCCACCCCCACCDBCB
AABCCCCCCCCCCCCAABC+AABBCACCCCCCACCAABB=DBCBCACCCCCCACCDBCB
AABCCCCCCCCCCCCAABC+AABBCCCCCCCCACCAABB=DBCBCCCCCCCCACCDBCB
AABCCCCCCCCCCCCAABC+AABBCAAAAAAACCCAABB=DBCBCAAAAAAACCCDBCB
AABCCCCCCCCCCCCAABC+AABBCCAAAAAACCCAABB=DBCBCCAAAAAACCCDBCB
AABCCCCCCCCCCCCAABC+AABBCACAAAAACCCAABB=DBCBCACAAAAACCCDBCB
AABCCCCCCCCCCCCAABC+AABBCCCAAAAACCCAABB=DBCBCCCAAAAACCCDBCB
AABCCCCCCCCCCCCAABC+AABBCAACAAAACCCAABB=DBCBCAACAAAACCCDBCB
AABCCCCCCCCCCCCAABC+AABBCCACAAAACCCAABB=DBCBCCACAAAACCCDBCB
AABCCCCCCCCCCCCAABC+AABBCACCAAAACCCAABB=DBCBCACCAAAACCCDBCB
AABCCCCCCCCCCCCAABC+AABBCCCCAAAACCCAABB=DBCBCCCCAAAACCCDBCB
AABCCCCCCCCCCCCAABC+AABBCAAACAAACCCAABB=DBCBCAAACAAACCCDBCB
AABCCCCCCCCCCCCAABC+AABBCCAACAAACCCAABB=DBCBCCAACAAACCCDBCB
AABCCCCCCCCCCCCAABC+AABBCACACAAACCCAABB=DBCBCACACAAACCCDBCB
AABCCCCCCCCCCCCAABC+AABBCCCACAAACCCAABB=DBCBCCCACAAACCCDBCB
AABCCCCCCCCCCCCAABC+AABBCAACCAAACCCAABB=DBCBCAACCAAACCCDBCB
AABCCCCCCCCCCCCAABC+AABBCCACCAAACCCAABB=DBCBCCACCAAACCCDBCB
AABCCCCCCCCCCCCAABC+AABBCACCCAAACCCAABB=DBCBCACCCAAACCCDBCB
AABCCCCCCCCCCCCAABC+AABBCCCCCAAACCCAABB=DBCBCCCCCAAACCCDBCB
AABCCCCCCCCCCCCAABC+AABBCAAAACAACCCAABB=DBCBCAAAACAACCCDBCB
AABCCCCCCCCCCCCAABC+AABBCCAAACAACCCAABB=DBCBCCAAACAACCCDBCB
AABCCCCCCCCCCCCAABC+AABBCACAACAACCCAABB=DBCBCACAACAACCCDBCB
AABCCCCCCCCCCCCAABC+AABBCCCAACAACCCAABB=DBCBCCCAACAACCCDBCB
AABCCCCCCCCCCCCAABC+AABBCAACACAACCCAABB=DBCBCAACACAACCCDBCB
AABCCCCCCCCCCCCAABC+AABBCCACACAACCCAABB=DBCBCCACACAACCCDBCB
AABCCCCCCCCCCCCAABC+AABBCACCACAACCCAABB=DBCBCACCACAACCCDBCB
AABCCCCCCCCCCCCAABC+AABBCCCCACAACCCAABB=DBCBCCCCACAACCCDBCB
AABCCCCCCCCCCCCAABC+AABBCAAACCAACCCAABB=DBCBCAAACCAACCCDBCB
AABCCCCCCCCCCCCAABC+AABBCCAACCAACCCAABB=DBCBCCAACCAACCCDBCB
AABCCCCCCCCCCCCAABC+AABBCACACCAACCCAABB=DBCBCACACCAACCCDBCB
AABCCCCCCCCCCCCAABC+AABBCCCACCAACCCAABB=DBCBCCCACCAACCCDBCB
AABCCCCCCCCCCCCAABC+AABBCAACCCAACCCAABB=DBCBCAACCCAACCCDBCB
AABCCCCCCCCCCCCAABC+AABBCCACCCAACCCAABB=DBCBCCACCCAACCCDBCB
AABCCCCCCCCCCCCAABC+AABBCACCCCAACCCAABB=DBCBCACCCCAACCCDBCB
AABCCCCCCCCCCCCAABC+AABBCCCCCCAACCCAABB=DBCBCCCCCCAACCCDBCB
AABCCCCCCCCCCCCAABC+AABBCAAAAACACCCAABB=DBCBCAAAAACACCCDBCB
AABCCCCCCCCCCCCAABC+AABBCCAAAACACCCAABB=DBCBCCAAAACACCCDBCB
AABCCCCCCCCCCCCAABC+AABBCACAAACACCCAABB=DBCBCACAAACACCCDBCB
AABCCCCCCCCCCCCAABC+AABBCCCAAACACCCAABB=DBCBCCCAAACACCCDBCB
AABCCCCCCCCCCCCAABC+AABBCAACAACACCCAABB=DBCBCAACAACACCCDBCB
AABCCCCCCCCCCCCAABC+AABBCCACAACACCCAABB=DBCBCCACAACACCCDBCB
AABCCCCCCCCCCCCAABC+AABBCACCAACACCCAABB=DBCBCACCAACACCCDBCB
AABCCCCCCCCCCCCAABC+AABBCCCCAACACCCAABB=DBCBCCCCAACACCCDBCB
AABCCCCCCCCCCCCAABC+AABBCAAACACACCCAABB=DBCBCAAACACACCCDBCB
AABCCCCCCCCCCCCAABC+AABBCCAACACACCCAABB=DBCBCCAACACACCCDBCB
AABCCCCCCCCCCCCAABC+AABBCACACACACCCAABB=DBCBCACACACACCCDBCB
AABCCCCCCCCCCCCAABC+AABBCCCACACACCCAABB=DBCBCCCACACACCCDBCB
AABCCCCCCCCCCCCAABC+AABBCAACCACACCCAABB=DBCBCAACCACACCCDBCB
AABCCCCCCCCCCCCAABC+AABBCCACCACACCCAABB=DBCBCCACCACACCCDBCB
AABCCCCCCCCCCCCAABC+AABBCACCCACACCCAABB=DBCBCACCCACACCCDBCB
AABCCCCCCCCCCCCAABC+AABBCCCCCACACCCAABB=DBCBCCCCCACACCCDBCB
AABCCCCCCCCCCCCAABC+AABBCAAAACCACCCAABB=DBCBCAAAACCACCCDBCB
AABCCCCCCCCCCCCAABC+AABBCCAAACCACCCAABB=DBCBCCAAACCACCCDBCB
AABCCCCCCCCCCCCAABC+AABBCACAACCACCCAABB=DBCBCACAACCACCCDBCB
AABCCCCCCCCCCCCAABC+AABBCCCAACCACCCAABB=DBCBCCCAACCACCCDBCB
AABCCCCCCCCCCCCAABC+AABBCAACACCACCCAABB=DBCBCAACACCACCCDBCB
AABCCCCCCCCCCCCAABC+AABBCCACACCACCCAABB=DBCBCCACACCACCCDBCB
AABCCCCCCCCCCCCAABC+AABBCACCACCACCCAABB=DBCBCACCACCACCCDBCB
AABCCCCCCCCCCCCAABC+AABBCCCCACCACCCAABB=DBCBCCCCACCACCCDBCB
AABCCCCCCCCCCCCAABC+AABBCAAACCCACCCAABB=DBCBCAAACCCACCCDBCB
AABCCCCCCCCCCCCAABC+AABBCCAACCCACCCAABB=DBCBCCAACCCACCCDBCB
AABCCCCCCCCCCCCAABC+AABBCACACCCACCCAABB=DBCBCACACCCACCCDBCB
AABCCCCCCCCCCCCAABC+AABBCCCACCCACCCAABB=DBCBCCCACCCACCCDBCB
AABCCCCCCCCCCCCAABC+AABBCAACCCCACCCAABB=DBCBCAACCCCACCCDBCB
AABCCCCCCCCCCCCAABC+AABBCCACCCCACCCAABB=DBCBCCACCCCACCCDBCB
AABCCCCCCCCCCCCAABC+AABBCACCCCCACCCAABB=DBCBCACCCCCACCCDBCB
AABCCCCCCCCCCCCAABC+AABBCCCCCCCACCCAABB=DBCBCCCCCCCACCCDBCB
AABCCCCCCCCCCCCAABC+AABBCAAAAAACCCCAABB=DBCBCAAAAAACCCCDBCB
AABCCCCCCCCCCCCAABC+AABBCCAAAAACCCCAABB=DBCBCCAAAAACCCCDBCB
AABCCCCCCCCCCCCAABC+AABBCACAAAACCCCAABB=DBCBCACAAAACCCCDBCB
AABCCCCCCCCCCCCAABC+AABBCCCAAAACCCCAABB=DBCBCCCAAAACCCCDBCB
AABCCCCCCCCCCCCAABC+AABBCAACAAACCCCAABB=DBCBCAACAAACCCCDBCB
AABCCCCCCCCCCCCAABC+AABBCCACAAACCCCAABB=DBCBCCACAAACCCCDBCB
AABCCCCCCCCCCCCAABC+AABBCACCAAACCCCAABB=DBCBCACCAAACCCCDBCB
AABCCCCCCCCCCCCAABC+AABBCCCCAAACCCCAABB=DBCBCCCCAAACCCCDBCB
AABCCCCCCCCCCCCAABC+AABBCAAACAACCCCAABB=DBCBCAAACAACCCCDBCB
AABCCCCCCCCCCCCAABC+AABBCCAACAACCCCAABB=DBCBCCAACAACCCCDBCB
AABCCCCCCCCCCCCAABC+AABBCACACAACCCCAABB=DBCBCACACAACCCCDBCB
AABCCCCCCCCCCCCAABC+AABBCCCACAACCCCAABB=DBCBCCCACAACCCCDBCB
AABCCCCCCCCCCCCAABC+AABBCAACCAACCCCAABB=DBCBCAACCAACCCCDBCB
AABCCCCCCCCCCCCAABC+AABBCCACCAACCCCAABB=DBCBCCACCAACCCCDBCB
AABCCCCCCCCCCCCAABC+AABBCACCCAACCCCAABB=DBCBCACCCAACCCCDBCB
AABCCCCCCCCCCCCAABC+AABBCCCCCAACCCCAABB=DBCBCCCCCAACCCCDBCB
AABCCCCCCCCCCCCAABC+AABBCAAAACACCCCAABB=DBCBCAAAACACCCCDBCB
AABCCCCCCCCCCCCAABC+AABBCCAAACACCCCAABB=DBCBCCAAACACCCCDBCB
AABCCCCCCCCCCCCAABC+AABBCACAACACCCCAABB=DBCBCACAACACCCCDBCB
AABCCCCCCCCCCCCAABC+AABBCCCAACACCCCAABB=DBCBCCCAACACCCCDBCB
AABCCCCCCCCCCCCAABC+AABBCAACACACCCCAABB=DBCBCAACACACCCCDBCB
AABCCCCCCCCCCCCAABC+AABBCCACACACCCCAABB=DBCBCCACACACCCCDBCB
AABCCCCCCCCCCCCAABC+AABBCACCACACCCCAABB=DBCBCACCACACCCCDBCB
AABCCCCCCCCCCCCAABC+AABBCCCCACACCCCAABB=DBCBCCCCACACCCCDBCB
AABCCCCCCCCCCCCAABC+AABBCAAACCACCCCAABB=DBCBCAAACCACCCCDBCB
AABCCCCCCCCCCCCAABC+AABBCCAACCACCCCAABB=DBCBCCAACCACCCCDBCB
AABCCCCCCCCCCCCAABC+AABBCACACCACCCCAABB=DBCBCACACCACCCCDBCB
AABCCCCCCCCCCCCAABC+AABBCCCACCACCCCAABB=DBCBCCCACCACCCCDBCB
AABCCCCCCCCCCCCAABC+AABBCAACCCACCCCAABB=DBCBCAACCCACCCCDBCB
AABCCCCCCCCCCCCAABC+AABBCCACCCACCCCAABB=DBCBCCACCCACCCCDBCB
AABCCCCCCCCCCCCAABC+AABBCACCCCACCCCAABB=DBCBCACCCCACCCCDBCB
AABCCCCCCCCCCCCAABC+AABBCCCCCCACCCCAABB=DBCBCCCCCCACCCCDBCB
AABCCCCCCCCCCCCAABC+AABBCAAAAACCCCCAABB=DBCBCAAAAACCCCCDBCB
AABCCCCCCCCCCCCAABC+AABBCCAAAACCCCCAABB=DBCBCCAAAACCCCCDBCB
AABCCCCCCCCCCCCAABC+AABBCACAAACCCCCAABB=DBCBCACAAACCCCCDBCB
AABCCCCCCCCCCCCAABC+AABBCCCAAACCCCCAABB=DBCBCCCAAACCCCCDBCB
AABCCCCCCCCCCCCAABC+AABBCAACAACCCCCAABB=DBCBCAACAACCCCCDBCB
AABCCCCCCCCCCCCAABC+AABBCCACAACCCCCAABB=DBCBCCACAACCCCCDBCB
AABCCCCCCCCCCCCAABC+AABBCACCAACCCCCAABB=DBCBCACCAACCCCCDBCB
AABCCCCCCCCCCCCAABC+AABBCCCCAACCCCCAABB=DBCBCCCCAACCCCCDBCB
AABCCCCCCCCCCCCAABC+AABBCAAACACCCCCAABB=DBCBCAAACACCCCCDBCB
